2025-06-25 20:26:04,176 - INFO - Fingerprint not found. Saved model loading will continue.
2025-06-25 20:26:06,186 - INFO - Chunk start: 13783.266119
2025-06-25 20:26:06,604 - INFO - Inference time: 182.505330 ms, MSE: 0.028726
2025-06-25 20:26:06,604 - INFO - Chunk end: 13783.683536
2025-06-25 20:26:08,186 - INFO - Chunk start: 13785.265932
2025-06-25 20:26:08,432 - INFO - Inference time: 33.546020 ms, MSE: 0.028726
2025-06-25 20:26:08,432 - INFO - Chunk end: 13785.511938
2025-06-25 20:26:10,188 - INFO - Chunk start: 13787.267849
2025-06-25 20:26:10,436 - INFO - Inference time: 34.316148 ms, MSE: 0.028726
2025-06-25 20:26:10,436 - INFO - Chunk end: 13787.515655
2025-06-25 20:26:12,190 - INFO - Chunk start: 13789.269775
2025-06-25 20:26:12,436 - INFO - Inference time: 33.852163 ms, MSE: 0.028726
2025-06-25 20:26:12,436 - INFO - Chunk end: 13789.515491
2025-06-25 20:26:14,192 - INFO - Chunk start: 13791.271730
2025-06-25 20:26:14,441 - INFO - Inference time: 36.604405 ms, MSE: 0.028726
2025-06-25 20:26:14,441 - INFO - Chunk end: 13791.520665
2025-06-25 20:26:16,194 - INFO - Chunk start: 13793.273637
2025-06-25 20:26:16,441 - INFO - Inference time: 34.541740 ms, MSE: 0.028726
2025-06-25 20:26:16,441 - INFO - Chunk end: 13793.520724
2025-06-25 20:26:18,196 - INFO - Chunk start: 13795.275578
2025-06-25 20:26:18,443 - INFO - Inference time: 34.211855 ms, MSE: 0.028726
2025-06-25 20:26:18,443 - INFO - Chunk end: 13795.522338
2025-06-25 20:26:20,198 - INFO - Chunk start: 13797.277359
2025-06-25 20:26:20,445 - INFO - Inference time: 34.138271 ms, MSE: 0.028726
2025-06-25 20:26:20,445 - INFO - Chunk end: 13797.524590
2025-06-25 20:26:22,200 - INFO - Chunk start: 13799.279283
2025-06-25 20:26:22,446 - INFO - Inference time: 33.852026 ms, MSE: 0.028726
2025-06-25 20:26:22,447 - INFO - Chunk end: 13799.526311
2025-06-25 20:26:24,202 - INFO - Chunk start: 13801.281407
2025-06-25 20:26:24,462 - INFO - Inference time: 35.616241 ms, MSE: 0.028726
2025-06-25 20:26:24,462 - INFO - Chunk end: 13801.541520
2025-06-25 20:26:26,203 - INFO - Chunk start: 13803.282718
2025-06-25 20:26:26,464 - INFO - Inference time: 32.153929 ms, MSE: 0.028726
2025-06-25 20:26:26,464 - INFO - Chunk end: 13803.543411
2025-06-25 20:26:28,205 - INFO - Chunk start: 13805.284562
2025-06-25 20:26:28,465 - INFO - Inference time: 35.000225 ms, MSE: 0.028726
2025-06-25 20:26:28,465 - INFO - Chunk end: 13805.545040
2025-06-25 20:26:30,206 - INFO - Chunk start: 13807.286137
2025-06-25 20:26:30,453 - INFO - Inference time: 36.676824 ms, MSE: 0.028726
2025-06-25 20:26:30,453 - INFO - Chunk end: 13807.532670
2025-06-25 20:28:33,409 - INFO - Fingerprint not found. Saved model loading will continue.
2025-06-25 20:28:35,421 - INFO - Chunk start: 13932.501006
2025-06-25 20:28:35,792 - INFO - Inference time: 142.808943 ms, MSE: 0.028484
2025-06-25 20:28:35,792 - INFO - Chunk end: 13932.871554
2025-06-25 20:28:37,420 - INFO - Chunk start: 13934.499803
2025-06-25 20:28:37,672 - INFO - Inference time: 29.696653 ms, MSE: 0.029967
2025-06-25 20:28:37,672 - INFO - Chunk end: 13934.752140
2025-06-25 20:28:39,422 - INFO - Chunk start: 13936.501683
2025-06-25 20:28:39,672 - INFO - Inference time: 29.948469 ms, MSE: 0.029390
2025-06-25 20:28:39,672 - INFO - Chunk end: 13936.752018
2025-06-25 20:28:41,424 - INFO - Chunk start: 13938.503547
2025-06-25 20:28:41,677 - INFO - Inference time: 29.356608 ms, MSE: 0.028388
2025-06-25 20:28:41,677 - INFO - Chunk end: 13938.756462
2025-06-25 20:28:43,425 - INFO - Chunk start: 13940.504270
2025-06-25 20:28:43,681 - INFO - Inference time: 31.599432 ms, MSE: 0.029510
2025-06-25 20:28:43,681 - INFO - Chunk end: 13940.760434
2025-06-25 20:28:45,426 - INFO - Chunk start: 13942.506068
2025-06-25 20:28:45,680 - INFO - Inference time: 30.276798 ms, MSE: 0.029065
2025-06-25 20:28:45,680 - INFO - Chunk end: 13942.759744
2025-06-25 20:29:27,229 - INFO - Fingerprint not found. Saved model loading will continue.
2025-06-25 20:29:29,241 - INFO - Chunk start: 13986.321084
2025-06-25 20:29:29,601 - INFO - Inference time: 151.025187 ms, MSE: 0.031996
2025-06-25 20:29:29,601 - INFO - Chunk end: 13986.680790
2025-06-25 20:29:31,240 - INFO - Chunk start: 13988.319884
2025-06-25 20:29:31,493 - INFO - Inference time: 38.151416 ms, MSE: 0.028572
2025-06-25 20:29:31,493 - INFO - Chunk end: 13988.572369
2025-06-25 20:29:33,242 - INFO - Chunk start: 13990.321842
2025-06-25 20:29:33,489 - INFO - Inference time: 34.257448 ms, MSE: 0.027086
2025-06-25 20:29:33,489 - INFO - Chunk end: 13990.568772
2025-06-25 20:29:35,242 - INFO - Chunk start: 13992.321906
2025-06-25 20:29:35,502 - INFO - Inference time: 34.434249 ms, MSE: 0.027621
2025-06-25 20:29:35,502 - INFO - Chunk end: 13992.581490
2025-06-25 20:29:37,244 - INFO - Chunk start: 13994.323605
2025-06-25 20:29:37,503 - INFO - Inference time: 41.414896 ms, MSE: 0.028076
2025-06-25 20:29:37,503 - INFO - Chunk end: 13994.583006
2025-06-25 20:30:39,688 - INFO - Fingerprint not found. Saved model loading will continue.
2025-06-25 20:30:41,701 - INFO - Chunk start: 14058.780487
2025-06-25 20:30:42,067 - INFO - Inference time: 156.018713 ms, MSE: 0.033167
2025-06-25 20:30:42,067 - INFO - Chunk end: 14059.146538
2025-06-25 20:30:43,700 - INFO - Chunk start: 14060.779375
2025-06-25 20:30:43,943 - INFO - Inference time: 32.788821 ms, MSE: 0.029469
2025-06-25 20:30:43,943 - INFO - Chunk end: 14061.022987
2025-06-25 20:30:45,702 - INFO - Chunk start: 14062.781297
2025-06-25 20:30:45,943 - INFO - Inference time: 31.864319 ms, MSE: 0.028052
2025-06-25 20:30:45,943 - INFO - Chunk end: 14063.023072
2025-06-25 20:30:47,703 - INFO - Chunk start: 14064.783134
2025-06-25 20:30:47,961 - INFO - Inference time: 33.673489 ms, MSE: 0.028726
2025-06-25 20:30:47,961 - INFO - Chunk end: 14065.040839
2025-06-25 20:30:49,705 - INFO - Chunk start: 14066.784306
2025-06-25 20:30:49,954 - INFO - Inference time: 34.917917 ms, MSE: 0.028571
2025-06-25 20:30:49,954 - INFO - Chunk end: 14067.033971
2025-06-25 20:30:51,706 - INFO - Chunk start: 14068.786168
2025-06-25 20:30:51,950 - INFO - Inference time: 32.785934 ms, MSE: 0.029168
2025-06-25 20:30:51,950 - INFO - Chunk end: 14069.030005
2025-06-25 20:32:28,327 - INFO - Fingerprint not found. Saved model loading will continue.
2025-06-25 20:32:30,338 - INFO - Chunk start: 14167.417895
2025-06-25 20:32:30,695 - INFO - Inference time: 140.542800 ms, MSE: 0.032674
2025-06-25 20:32:30,695 - INFO - Chunk end: 14167.774732
2025-06-25 20:32:32,338 - INFO - Chunk start: 14169.417801
2025-06-25 20:32:32,580 - INFO - Inference time: 29.792592 ms, MSE: 0.031880
2025-06-25 20:32:32,580 - INFO - Chunk end: 14169.659563
2025-06-25 20:32:34,340 - INFO - Chunk start: 14171.419668
2025-06-25 20:32:34,584 - INFO - Inference time: 30.059026 ms, MSE: 0.033468
2025-06-25 20:32:34,584 - INFO - Chunk end: 14171.663789
2025-06-25 20:32:36,340 - INFO - Chunk start: 14173.420095
2025-06-25 20:32:36,586 - INFO - Inference time: 28.764665 ms, MSE: 0.030755
2025-06-25 20:32:36,586 - INFO - Chunk end: 14173.665684
2025-06-25 20:32:38,342 - INFO - Chunk start: 14175.421892
2025-06-25 20:32:38,588 - INFO - Inference time: 31.337463 ms, MSE: 0.028797
2025-06-25 20:32:38,588 - INFO - Chunk end: 14175.667805
2025-06-25 20:32:40,344 - INFO - Chunk start: 14177.423655
2025-06-25 20:32:40,592 - INFO - Inference time: 30.014678 ms, MSE: 0.027972
2025-06-25 20:32:40,593 - INFO - Chunk end: 14177.672299
2025-06-25 20:32:42,345 - INFO - Chunk start: 14179.424229
2025-06-25 20:32:42,597 - INFO - Inference time: 30.486034 ms, MSE: 0.029262
2025-06-25 20:32:42,597 - INFO - Chunk end: 14179.676537
2025-06-25 21:12:19,730 - INFO - Fingerprint not found. Saved model loading will continue.
2025-06-25 21:12:21,743 - INFO - Chunk start: 16558.822662
2025-06-25 21:12:22,212 - INFO - Inference time: 211.322182 ms, MSE: 0.033302
2025-06-25 21:12:22,212 - INFO - Chunk end: 16559.291945
2025-06-25 21:12:23,740 - INFO - Chunk start: 16560.820161
2025-06-25 21:12:24,012 - INFO - Inference time: 34.141397 ms, MSE: 0.030082
2025-06-25 21:12:24,012 - INFO - Chunk end: 16561.091358
2025-06-25 21:12:25,742 - INFO - Chunk start: 16562.821921
2025-06-25 21:12:26,018 - INFO - Inference time: 33.831821 ms, MSE: 0.032408
2025-06-25 21:12:26,018 - INFO - Chunk end: 16563.097617
2025-06-25 21:12:27,743 - INFO - Chunk start: 16564.822767
2025-06-25 21:12:28,018 - INFO - Inference time: 34.151056 ms, MSE: 0.034166
2025-06-25 21:12:28,018 - INFO - Chunk end: 16565.097792
2025-06-25 21:12:29,744 - INFO - Chunk start: 16566.824187
2025-06-25 21:12:30,043 - INFO - Inference time: 36.533455 ms, MSE: 0.034183
2025-06-25 21:12:30,043 - INFO - Chunk end: 16567.123099
2025-06-25 21:14:18,542 - INFO - Fingerprint not found. Saved model loading will continue.
2025-06-25 21:14:20,554 - INFO - Chunk start: 16677.633493
2025-06-25 21:14:20,943 - INFO - Inference time: 158.391942 ms, MSE: 0.034795
2025-06-25 21:14:20,944 - INFO - Chunk end: 16678.023383
2025-06-25 21:14:22,553 - INFO - Chunk start: 16679.632281
2025-06-25 21:14:22,834 - INFO - Inference time: 32.199451 ms, MSE: 0.035591
2025-06-25 21:14:22,834 - INFO - Chunk end: 16679.913421
2025-06-25 21:44:19,158 - INFO - Fingerprint not found. Saved model loading will continue.
2025-06-25 21:44:21,171 - INFO - Chunk start: 18478.250522
2025-06-25 21:44:21,599 - INFO - Inference time: 195.476903 ms, MSE: 0.034335
2025-06-25 21:44:21,599 - INFO - Chunk end: 18478.678816
2025-06-25 21:44:23,168 - INFO - Chunk start: 18480.248207
2025-06-25 21:44:23,429 - INFO - Inference time: 31.786189 ms, MSE: 0.033879
2025-06-25 21:44:23,429 - INFO - Chunk end: 18480.508576
2025-06-25 21:44:25,169 - INFO - Chunk start: 18482.248359
2025-06-25 21:44:25,434 - INFO - Inference time: 30.933784 ms, MSE: 0.036629
2025-06-25 21:44:25,434 - INFO - Chunk end: 18482.513805
2025-06-25 22:14:05,707 - INFO - Fingerprint not found. Saved model loading will continue.
2025-06-25 22:14:07,718 - INFO - Chunk start: 20264.797824
2025-06-25 22:14:08,138 - INFO - Inference time: 193.525308 ms, MSE: 0.032120
2025-06-25 22:14:08,138 - INFO - Chunk end: 20265.217564
2025-06-25 22:14:09,718 - INFO - Chunk start: 20266.797902
2025-06-25 22:14:09,976 - INFO - Inference time: 31.860187 ms, MSE: 0.032459
2025-06-25 22:14:09,976 - INFO - Chunk end: 20267.056239
2025-06-25 22:14:11,720 - INFO - Chunk start: 20268.799771
2025-06-25 22:14:11,986 - INFO - Inference time: 30.935932 ms, MSE: 0.033478
2025-06-25 22:14:11,986 - INFO - Chunk end: 20269.066073
2025-06-25 22:14:13,721 - INFO - Chunk start: 20270.800215
2025-06-25 22:14:13,980 - INFO - Inference time: 31.677447 ms, MSE: 0.032669
2025-06-25 22:14:13,980 - INFO - Chunk end: 20271.059958
2025-06-25 22:14:15,721 - INFO - Chunk start: 20272.800729
2025-06-25 22:14:15,984 - INFO - Inference time: 35.384834 ms, MSE: 0.032092
2025-06-25 22:14:15,984 - INFO - Chunk end: 20273.064116
2025-06-25 22:14:17,723 - INFO - Chunk start: 20274.802486
2025-06-25 22:14:17,978 - INFO - Inference time: 31.017729 ms, MSE: 0.033365
2025-06-25 22:14:17,978 - INFO - Chunk end: 20275.058216
2025-06-25 22:14:19,725 - INFO - Chunk start: 20276.804328
2025-06-25 22:14:19,981 - INFO - Inference time: 31.484816 ms, MSE: 0.037245
2025-06-25 22:14:19,981 - INFO - Chunk end: 20277.061236
2025-06-25 22:14:21,726 - INFO - Chunk start: 20278.806137
2025-06-25 22:14:21,985 - INFO - Inference time: 31.144562 ms, MSE: 0.042414
2025-06-25 22:14:21,985 - INFO - Chunk end: 20279.064808
2025-06-25 22:14:23,728 - INFO - Chunk start: 20280.808059
2025-06-25 22:14:23,984 - INFO - Inference time: 31.106508 ms, MSE: 0.042058
2025-06-25 22:14:23,984 - INFO - Chunk end: 20281.063469
2025-06-25 22:14:25,729 - INFO - Chunk start: 20282.809153
2025-06-25 22:14:25,985 - INFO - Inference time: 31.672396 ms, MSE: 0.038092
2025-06-25 22:14:25,985 - INFO - Chunk end: 20283.064890
2025-06-25 22:14:27,731 - INFO - Chunk start: 20284.810902
2025-06-25 22:14:27,987 - INFO - Inference time: 33.182327 ms, MSE: 0.031828
2025-06-25 22:14:27,988 - INFO - Chunk end: 20285.067275
2025-06-25 22:14:29,733 - INFO - Chunk start: 20286.812559
2025-06-25 22:14:29,989 - INFO - Inference time: 32.070944 ms, MSE: 0.031923
2025-06-25 22:14:29,989 - INFO - Chunk end: 20287.069059
2025-06-25 22:14:31,735 - INFO - Chunk start: 20288.814436
2025-06-25 22:14:31,996 - INFO - Inference time: 35.265518 ms, MSE: 0.033683
2025-06-25 22:14:31,996 - INFO - Chunk end: 20289.075661
2025-06-25 22:46:21,967 - INFO - Fingerprint not found. Saved model loading will continue.
2025-06-25 22:46:23,979 - INFO - Chunk start: 22201.058954
2025-06-25 22:46:24,427 - INFO - Inference time: 151.706210 ms, MSE: 0.040781
2025-06-25 22:46:24,427 - INFO - Chunk end: 22201.506682
2025-06-25 22:46:25,977 - INFO - Chunk start: 22203.056346
2025-06-25 22:46:26,258 - INFO - Inference time: 32.288422 ms, MSE: 0.036705
2025-06-25 22:46:26,258 - INFO - Chunk end: 22203.337649
2025-06-25 22:46:27,978 - INFO - Chunk start: 22205.058073
2025-06-25 22:46:28,237 - INFO - Inference time: 32.371804 ms, MSE: 0.031669
2025-06-25 22:46:28,237 - INFO - Chunk end: 22205.316543
2025-06-25 22:46:29,980 - INFO - Chunk start: 22207.059997
2025-06-25 22:46:30,244 - INFO - Inference time: 31.471395 ms, MSE: 0.032159
2025-06-25 22:46:30,244 - INFO - Chunk end: 22207.323945
2025-06-25 22:46:31,981 - INFO - Chunk start: 22209.060283
2025-06-25 22:46:32,236 - INFO - Inference time: 32.363737 ms, MSE: 0.032117
2025-06-25 22:46:32,236 - INFO - Chunk end: 22209.315624
2025-06-25 22:46:33,982 - INFO - Chunk start: 22211.062090
2025-06-25 22:46:34,242 - INFO - Inference time: 30.849078 ms, MSE: 0.031819
2025-06-25 22:46:34,242 - INFO - Chunk end: 22211.321970
2025-06-25 22:46:35,984 - INFO - Chunk start: 22213.063962
2025-06-25 22:46:36,240 - INFO - Inference time: 30.731286 ms, MSE: 0.029074
2025-06-25 22:46:36,240 - INFO - Chunk end: 22213.319348
2025-06-25 22:46:37,985 - INFO - Chunk start: 22215.064344
2025-06-25 22:46:38,239 - INFO - Inference time: 30.569717 ms, MSE: 0.031695
2025-06-25 22:46:38,239 - INFO - Chunk end: 22215.318356
2025-06-25 22:46:39,986 - INFO - Chunk start: 22217.066121
2025-06-25 22:46:40,243 - INFO - Inference time: 31.343990 ms, MSE: 0.031733
2025-06-25 22:46:40,243 - INFO - Chunk end: 22217.322951
2025-06-25 22:46:41,989 - INFO - Chunk start: 22219.068222
2025-06-25 22:46:42,243 - INFO - Inference time: 30.782525 ms, MSE: 0.035450
2025-06-25 22:46:42,243 - INFO - Chunk end: 22219.322915
2025-06-25 22:46:43,990 - INFO - Chunk start: 22221.070203
2025-06-25 22:46:44,246 - INFO - Inference time: 30.975735 ms, MSE: 0.033058
2025-06-25 22:46:44,246 - INFO - Chunk end: 22221.325384
2025-06-25 22:46:45,992 - INFO - Chunk start: 22223.072039
2025-06-25 22:46:46,249 - INFO - Inference time: 31.043006 ms, MSE: 0.032078
2025-06-25 22:46:46,249 - INFO - Chunk end: 22223.328542
2025-06-25 22:46:47,993 - INFO - Chunk start: 22225.072439
2025-06-25 22:46:48,251 - INFO - Inference time: 34.761458 ms, MSE: 0.032477
2025-06-25 22:46:48,251 - INFO - Chunk end: 22225.331012
2025-06-25 22:46:49,993 - INFO - Chunk start: 22227.072342
2025-06-25 22:46:50,250 - INFO - Inference time: 32.527341 ms, MSE: 0.031299
2025-06-25 22:46:50,250 - INFO - Chunk end: 22227.329436
2025-06-25 22:46:51,995 - INFO - Chunk start: 22229.074441
2025-06-25 22:46:52,238 - INFO - Inference time: 30.972625 ms, MSE: 0.031667
2025-06-25 22:46:52,238 - INFO - Chunk end: 22229.317955
2025-06-25 22:46:53,996 - INFO - Chunk start: 22231.075684
2025-06-25 22:46:54,254 - INFO - Inference time: 31.631970 ms, MSE: 0.031791
2025-06-25 22:46:54,254 - INFO - Chunk end: 22231.333434
2025-06-25 22:46:55,998 - INFO - Chunk start: 22233.077704
2025-06-25 22:46:56,258 - INFO - Inference time: 30.531599 ms, MSE: 0.032877
2025-06-25 22:46:56,258 - INFO - Chunk end: 22233.337730
2025-06-25 22:46:58,000 - INFO - Chunk start: 22235.079591
2025-06-25 22:46:58,245 - INFO - Inference time: 30.882075 ms, MSE: 0.032308
2025-06-25 22:46:58,245 - INFO - Chunk end: 22235.324863
2025-06-25 22:47:00,001 - INFO - Chunk start: 22237.080400
2025-06-25 22:47:00,256 - INFO - Inference time: 31.392659 ms, MSE: 0.027651
2025-06-25 22:47:00,256 - INFO - Chunk end: 22237.335530
2025-06-25 22:47:02,001 - INFO - Chunk start: 22239.080573
2025-06-25 22:47:02,257 - INFO - Inference time: 30.716061 ms, MSE: 0.027626
2025-06-25 22:47:02,257 - INFO - Chunk end: 22239.336464
2025-06-25 22:47:04,003 - INFO - Chunk start: 22241.082430
2025-06-25 22:47:04,261 - INFO - Inference time: 34.593945 ms, MSE: 0.027676
2025-06-25 22:47:04,261 - INFO - Chunk end: 22241.340547
2025-06-25 22:47:06,004 - INFO - Chunk start: 22243.084058
2025-06-25 22:47:06,260 - INFO - Inference time: 32.171121 ms, MSE: 0.028838
2025-06-25 22:47:06,260 - INFO - Chunk end: 22243.339713
2025-06-25 22:47:08,005 - INFO - Chunk start: 22245.084538
2025-06-25 22:47:08,250 - INFO - Inference time: 31.623162 ms, MSE: 0.029781
2025-06-25 22:47:08,250 - INFO - Chunk end: 22245.330029
2025-06-25 22:47:10,007 - INFO - Chunk start: 22247.086316
2025-06-25 22:47:10,266 - INFO - Inference time: 30.859618 ms, MSE: 0.033567
2025-06-25 22:47:10,266 - INFO - Chunk end: 22247.346196
2025-06-25 22:47:12,009 - INFO - Chunk start: 22249.088388
2025-06-25 22:47:12,265 - INFO - Inference time: 31.005785 ms, MSE: 0.031771
2025-06-25 22:47:12,265 - INFO - Chunk end: 22249.344559
2025-06-25 22:47:14,011 - INFO - Chunk start: 22251.090289
2025-06-25 22:47:14,258 - INFO - Inference time: 32.219963 ms, MSE: 0.033339
2025-06-25 22:47:14,258 - INFO - Chunk end: 22251.337948
2025-06-25 22:47:16,012 - INFO - Chunk start: 22253.092125
2025-06-25 22:47:16,256 - INFO - Inference time: 31.150342 ms, MSE: 0.034293
2025-06-25 22:47:16,256 - INFO - Chunk end: 22253.335699
2025-06-25 22:47:18,013 - INFO - Chunk start: 22255.092471
2025-06-25 22:47:18,282 - INFO - Inference time: 42.391708 ms, MSE: 0.035193
2025-06-25 22:47:18,282 - INFO - Chunk end: 22255.361625
2025-06-25 22:47:20,014 - INFO - Chunk start: 22257.094177
2025-06-25 22:47:20,268 - INFO - Inference time: 34.966387 ms, MSE: 0.033271
2025-06-25 22:47:20,268 - INFO - Chunk end: 22257.348201
2025-06-25 22:47:22,016 - INFO - Chunk start: 22259.095866
2025-06-25 22:47:22,273 - INFO - Inference time: 31.364724 ms, MSE: 0.034501
2025-06-25 22:47:22,273 - INFO - Chunk end: 22259.352688
2025-06-25 22:47:24,018 - INFO - Chunk start: 22261.097921
2025-06-25 22:47:24,277 - INFO - Inference time: 33.448537 ms, MSE: 0.034159
2025-06-25 22:47:24,277 - INFO - Chunk end: 22261.357145
2025-06-25 22:47:26,020 - INFO - Chunk start: 22263.099681
2025-06-25 22:47:26,274 - INFO - Inference time: 30.779567 ms, MSE: 0.032501
2025-06-25 22:47:26,274 - INFO - Chunk end: 22263.353929
2025-06-25 22:47:28,021 - INFO - Chunk start: 22265.100873
2025-06-25 22:47:28,277 - INFO - Inference time: 32.072625 ms, MSE: 0.033037
2025-06-25 22:47:28,277 - INFO - Chunk end: 22265.356603
2025-06-25 22:47:30,023 - INFO - Chunk start: 22267.102785
2025-06-25 22:47:30,279 - INFO - Inference time: 31.441302 ms, MSE: 0.034769
2025-06-25 22:47:30,279 - INFO - Chunk end: 22267.358682
2025-06-25 22:47:32,025 - INFO - Chunk start: 22269.104546
2025-06-25 22:47:32,279 - INFO - Inference time: 30.930673 ms, MSE: 0.035915
2025-06-25 22:47:32,279 - INFO - Chunk end: 22269.358773
2025-06-25 22:47:34,027 - INFO - Chunk start: 22271.106322
2025-06-25 22:47:34,283 - INFO - Inference time: 31.170210 ms, MSE: 0.032614
2025-06-25 22:47:34,283 - INFO - Chunk end: 22271.362447
2025-06-25 22:47:36,029 - INFO - Chunk start: 22273.108243
2025-06-25 22:47:36,277 - INFO - Inference time: 34.572491 ms, MSE: 0.034351
2025-06-25 22:47:36,278 - INFO - Chunk end: 22273.357315
2025-06-25 22:47:38,029 - INFO - Chunk start: 22275.108326
2025-06-25 22:47:38,285 - INFO - Inference time: 31.895022 ms, MSE: 0.035454
2025-06-25 22:47:38,285 - INFO - Chunk end: 22275.364879
2025-06-25 22:47:40,031 - INFO - Chunk start: 22277.110394
2025-06-25 22:47:40,278 - INFO - Inference time: 31.330266 ms, MSE: 0.034277
2025-06-25 22:47:40,278 - INFO - Chunk end: 22277.358018
2025-06-25 22:47:42,032 - INFO - Chunk start: 22279.112180
2025-06-25 22:47:42,279 - INFO - Inference time: 30.871714 ms, MSE: 0.034261
2025-06-25 22:47:42,279 - INFO - Chunk end: 22279.358821
2025-06-25 22:47:44,033 - INFO - Chunk start: 22281.112517
2025-06-25 22:47:44,287 - INFO - Inference time: 31.306737 ms, MSE: 0.034567
2025-06-25 22:47:44,287 - INFO - Chunk end: 22281.366728
2025-06-25 22:47:46,035 - INFO - Chunk start: 22283.114368
2025-06-25 22:47:46,290 - INFO - Inference time: 32.119785 ms, MSE: 0.033877
2025-06-25 22:47:46,290 - INFO - Chunk end: 22283.369834
2025-06-25 22:47:48,037 - INFO - Chunk start: 22285.116266
2025-06-25 22:47:48,299 - INFO - Inference time: 30.962090 ms, MSE: 0.032839
2025-06-25 22:47:48,299 - INFO - Chunk end: 22285.378592
2025-06-25 22:47:50,037 - INFO - Chunk start: 22287.116450
2025-06-25 22:47:50,293 - INFO - Inference time: 31.512739 ms, MSE: 0.034727
2025-06-25 22:47:50,293 - INFO - Chunk end: 22287.372339
2025-06-25 22:47:52,037 - INFO - Chunk start: 22289.116560
2025-06-25 22:47:52,294 - INFO - Inference time: 34.194979 ms, MSE: 0.034148
2025-06-25 22:47:52,294 - INFO - Chunk end: 22289.373939
2025-06-25 22:47:54,038 - INFO - Chunk start: 22291.118112
2025-06-25 22:47:54,294 - INFO - Inference time: 31.745884 ms, MSE: 0.032673
2025-06-25 22:47:54,294 - INFO - Chunk end: 22291.373850
2025-06-25 22:47:56,040 - INFO - Chunk start: 22293.120091
2025-06-25 22:47:56,289 - INFO - Inference time: 31.442668 ms, MSE: 0.033701
2025-06-25 22:47:56,289 - INFO - Chunk end: 22293.368434
2025-06-25 22:47:58,041 - INFO - Chunk start: 22295.120297
2025-06-25 22:47:58,296 - INFO - Inference time: 31.485901 ms, MSE: 0.033665
2025-06-25 22:47:58,296 - INFO - Chunk end: 22295.375653
2025-06-25 22:48:00,041 - INFO - Chunk start: 22297.120501
2025-06-25 22:48:00,301 - INFO - Inference time: 30.640856 ms, MSE: 0.034389
2025-06-25 22:48:00,301 - INFO - Chunk end: 22297.381159
2025-06-25 22:48:02,043 - INFO - Chunk start: 22299.122400
2025-06-25 22:48:02,298 - INFO - Inference time: 30.764880 ms, MSE: 0.033745
2025-06-25 22:48:02,298 - INFO - Chunk end: 22299.377775
2025-06-25 22:48:04,045 - INFO - Chunk start: 22301.124253
2025-06-25 22:48:04,289 - INFO - Inference time: 30.807650 ms, MSE: 0.035136
2025-06-25 22:48:04,290 - INFO - Chunk end: 22301.369302
2025-06-25 22:48:06,046 - INFO - Chunk start: 22303.126099
2025-06-25 22:48:06,301 - INFO - Inference time: 30.253828 ms, MSE: 0.033693
2025-06-25 22:48:06,301 - INFO - Chunk end: 22303.380809
2025-06-25 22:48:08,048 - INFO - Chunk start: 22305.127984
2025-06-25 22:48:08,308 - INFO - Inference time: 33.868438 ms, MSE: 0.032555
2025-06-25 22:48:08,308 - INFO - Chunk end: 22305.388054
2025-06-25 22:48:10,049 - INFO - Chunk start: 22307.128240
2025-06-25 22:48:10,305 - INFO - Inference time: 31.072464 ms, MSE: 0.033966
2025-06-25 22:48:10,305 - INFO - Chunk end: 22307.384848
2025-06-25 22:48:12,050 - INFO - Chunk start: 22309.130180
2025-06-25 22:48:12,306 - INFO - Inference time: 30.805320 ms, MSE: 0.034698
2025-06-25 22:48:12,306 - INFO - Chunk end: 22309.385490
2025-06-25 22:48:14,052 - INFO - Chunk start: 22311.132033
2025-06-25 22:48:14,309 - INFO - Inference time: 31.737107 ms, MSE: 0.033340
2025-06-25 22:48:14,309 - INFO - Chunk end: 22311.388404
2025-06-25 22:48:16,054 - INFO - Chunk start: 22313.134001
2025-06-25 22:48:16,312 - INFO - Inference time: 32.968524 ms, MSE: 0.035009
2025-06-25 22:48:16,312 - INFO - Chunk end: 22313.392233
2025-06-25 22:48:18,056 - INFO - Chunk start: 22315.135928
2025-06-25 22:48:18,311 - INFO - Inference time: 30.679785 ms, MSE: 0.032598
2025-06-25 22:48:18,311 - INFO - Chunk end: 22315.390751
2025-06-25 22:48:20,058 - INFO - Chunk start: 22317.137822
2025-06-25 22:48:20,305 - INFO - Inference time: 30.652886 ms, MSE: 0.033893
2025-06-25 22:48:20,305 - INFO - Chunk end: 22317.384402
2025-06-25 22:48:22,060 - INFO - Chunk start: 22319.139803
2025-06-25 22:48:22,313 - INFO - Inference time: 30.879461 ms, MSE: 0.032313
2025-06-25 22:48:22,313 - INFO - Chunk end: 22319.393229
2025-06-25 22:48:24,062 - INFO - Chunk start: 22321.141679
2025-06-25 22:48:24,321 - INFO - Inference time: 34.411720 ms, MSE: 0.033959
2025-06-25 22:48:24,321 - INFO - Chunk end: 22321.401132
2025-06-25 22:48:26,063 - INFO - Chunk start: 22323.142679
2025-06-25 22:48:26,321 - INFO - Inference time: 31.646934 ms, MSE: 0.035075
2025-06-25 22:48:26,321 - INFO - Chunk end: 22323.400525
2025-06-25 22:48:28,065 - INFO - Chunk start: 22325.144419
2025-06-25 22:48:28,321 - INFO - Inference time: 30.826991 ms, MSE: 0.033553
2025-06-25 22:48:28,321 - INFO - Chunk end: 22325.401232
2025-06-25 22:48:30,065 - INFO - Chunk start: 22327.144415
2025-06-25 22:48:30,319 - INFO - Inference time: 30.821885 ms, MSE: 0.034147
2025-06-25 22:48:30,319 - INFO - Chunk end: 22327.399128
2025-06-25 22:48:32,067 - INFO - Chunk start: 22329.146357
2025-06-25 22:48:32,321 - INFO - Inference time: 31.003723 ms, MSE: 0.033324
2025-06-25 22:48:32,321 - INFO - Chunk end: 22329.401193
2025-06-25 22:48:34,067 - INFO - Chunk start: 22331.146776
2025-06-25 22:48:34,322 - INFO - Inference time: 30.182143 ms, MSE: 0.031607
2025-06-25 22:48:34,322 - INFO - Chunk end: 22331.401637
2025-06-25 22:48:36,069 - INFO - Chunk start: 22333.148427
2025-06-25 22:48:36,323 - INFO - Inference time: 30.609991 ms, MSE: 0.033043
2025-06-25 22:48:36,323 - INFO - Chunk end: 22333.402410
2025-06-25 22:48:38,071 - INFO - Chunk start: 22335.150238
2025-06-25 22:48:38,327 - INFO - Inference time: 31.462435 ms, MSE: 0.032467
2025-06-25 22:48:38,327 - INFO - Chunk end: 22335.407195
2025-06-25 22:48:40,072 - INFO - Chunk start: 22337.152026
2025-06-25 22:48:40,330 - INFO - Inference time: 34.631947 ms, MSE: 0.034320
2025-06-25 22:48:40,330 - INFO - Chunk end: 22337.410173
2025-06-25 22:48:42,073 - INFO - Chunk start: 22339.152292
2025-06-25 22:48:42,330 - INFO - Inference time: 31.452900 ms, MSE: 0.032451
2025-06-25 22:48:42,330 - INFO - Chunk end: 22339.410139
2025-06-25 22:48:44,075 - INFO - Chunk start: 22341.154392
2025-06-25 22:48:44,331 - INFO - Inference time: 31.502708 ms, MSE: 0.035313
2025-06-25 22:48:44,331 - INFO - Chunk end: 22341.410707
2025-06-25 22:48:46,076 - INFO - Chunk start: 22343.156153
2025-06-25 22:48:46,331 - INFO - Inference time: 30.692329 ms, MSE: 0.032777
2025-06-25 22:48:46,331 - INFO - Chunk end: 22343.410533
2025-06-25 22:48:48,077 - INFO - Chunk start: 22345.156500
2025-06-25 22:48:48,330 - INFO - Inference time: 30.551263 ms, MSE: 0.032952
2025-06-25 22:48:48,330 - INFO - Chunk end: 22345.410239
2025-06-25 22:48:50,079 - INFO - Chunk start: 22347.158336
2025-06-25 22:48:50,334 - INFO - Inference time: 30.715449 ms, MSE: 0.033926
2025-06-25 22:48:50,334 - INFO - Chunk end: 22347.413592
2025-06-25 22:48:52,080 - INFO - Chunk start: 22349.160153
2025-06-25 22:48:52,337 - INFO - Inference time: 31.274522 ms, MSE: 0.034617
2025-06-25 22:48:52,338 - INFO - Chunk end: 22349.417241
2025-06-25 22:48:54,081 - INFO - Chunk start: 22351.160530
2025-06-25 22:48:54,342 - INFO - Inference time: 31.688432 ms, MSE: 0.034646
2025-06-25 22:48:54,342 - INFO - Chunk end: 22351.421481
2025-06-25 22:48:56,083 - INFO - Chunk start: 22353.162315
2025-06-25 22:48:56,342 - INFO - Inference time: 34.398723 ms, MSE: 0.032021
2025-06-25 22:48:56,343 - INFO - Chunk end: 22353.422332
2025-06-25 22:48:58,084 - INFO - Chunk start: 22355.163976
2025-06-25 22:48:58,341 - INFO - Inference time: 32.423715 ms, MSE: 0.034616
2025-06-25 22:48:58,341 - INFO - Chunk end: 22355.420833
2025-06-25 22:49:00,085 - INFO - Chunk start: 22357.164543
2025-06-25 22:49:00,341 - INFO - Inference time: 31.326633 ms, MSE: 0.034143
2025-06-25 22:49:00,341 - INFO - Chunk end: 22357.420336
2025-06-25 22:49:02,086 - INFO - Chunk start: 22359.166202
2025-06-25 22:49:02,348 - INFO - Inference time: 31.844659 ms, MSE: 0.032341
2025-06-25 22:49:02,348 - INFO - Chunk end: 22359.427976
2025-06-25 22:49:04,088 - INFO - Chunk start: 22361.168130
2025-06-25 22:49:04,344 - INFO - Inference time: 31.379614 ms, MSE: 0.033638
2025-06-25 22:49:04,344 - INFO - Chunk end: 22361.423919
2025-06-25 22:49:06,090 - INFO - Chunk start: 22363.170039
2025-06-25 22:49:06,349 - INFO - Inference time: 31.630572 ms, MSE: 0.034218
2025-06-25 22:49:06,349 - INFO - Chunk end: 22363.428440
2025-06-25 22:49:08,092 - INFO - Chunk start: 22365.171835
2025-06-25 22:49:08,354 - INFO - Inference time: 31.084112 ms, MSE: 0.035856
2025-06-25 22:49:08,354 - INFO - Chunk end: 22365.433795
2025-06-25 22:49:10,093 - INFO - Chunk start: 22367.172487
2025-06-25 22:49:10,346 - INFO - Inference time: 32.389934 ms, MSE: 0.033381
2025-06-25 22:49:10,346 - INFO - Chunk end: 22367.426116
2025-06-25 22:49:12,095 - INFO - Chunk start: 22369.174365
2025-06-25 22:49:12,353 - INFO - Inference time: 35.221475 ms, MSE: 0.034651
2025-06-25 22:49:12,353 - INFO - Chunk end: 22369.433143
2025-06-25 22:49:14,096 - INFO - Chunk start: 22371.175930
2025-06-25 22:49:14,350 - INFO - Inference time: 31.033310 ms, MSE: 0.034503
2025-06-25 22:49:14,350 - INFO - Chunk end: 22371.429944
2025-06-25 22:49:16,097 - INFO - Chunk start: 22373.176534
2025-06-25 22:49:16,352 - INFO - Inference time: 31.028660 ms, MSE: 0.032460
2025-06-25 22:49:16,352 - INFO - Chunk end: 22373.431887
2025-06-25 22:49:18,098 - INFO - Chunk start: 22375.178173
2025-06-25 22:49:18,360 - INFO - Inference time: 31.581427 ms, MSE: 0.032562
2025-06-25 22:49:18,360 - INFO - Chunk end: 22375.439463
2025-06-25 22:49:20,101 - INFO - Chunk start: 22377.180216
2025-06-25 22:49:20,359 - INFO - Inference time: 30.635741 ms, MSE: 0.032201
2025-06-25 22:49:20,359 - INFO - Chunk end: 22377.439181
2025-06-25 22:49:22,102 - INFO - Chunk start: 22379.182143
2025-06-25 22:49:22,350 - INFO - Inference time: 31.081428 ms, MSE: 0.032639
2025-06-25 22:49:22,350 - INFO - Chunk end: 22379.429638
2025-06-25 22:49:24,104 - INFO - Chunk start: 22381.184039
2025-06-25 22:49:24,360 - INFO - Inference time: 31.020927 ms, MSE: 0.032416
2025-06-25 22:49:24,360 - INFO - Chunk end: 22381.439753
2025-06-25 22:49:26,105 - INFO - Chunk start: 22383.184240
2025-06-25 22:49:26,357 - INFO - Inference time: 30.760633 ms, MSE: 0.034490
2025-06-25 22:49:26,357 - INFO - Chunk end: 22383.436649
2025-06-25 22:49:28,105 - INFO - Chunk start: 22385.184548
2025-06-25 22:49:28,368 - INFO - Inference time: 34.688808 ms, MSE: 0.032933
2025-06-25 22:49:28,368 - INFO - Chunk end: 22385.448181
2025-06-25 22:49:30,106 - INFO - Chunk start: 22387.185990
2025-06-25 22:49:30,355 - INFO - Inference time: 32.254264 ms, MSE: 0.035075
2025-06-25 22:49:30,356 - INFO - Chunk end: 22387.435261
2025-06-25 22:49:32,108 - INFO - Chunk start: 22389.188194
2025-06-25 22:49:32,365 - INFO - Inference time: 31.214187 ms, MSE: 0.032892
2025-06-25 22:49:32,365 - INFO - Chunk end: 22389.444776
2025-06-25 22:49:34,110 - INFO - Chunk start: 22391.189813
2025-06-25 22:49:34,365 - INFO - Inference time: 31.350431 ms, MSE: 0.036432
2025-06-25 22:49:34,365 - INFO - Chunk end: 22391.445008
2025-06-25 22:49:36,112 - INFO - Chunk start: 22393.191895
2025-06-25 22:49:36,358 - INFO - Inference time: 31.776741 ms, MSE: 0.033297
2025-06-25 22:49:36,358 - INFO - Chunk end: 22393.437679
2025-06-25 22:49:38,114 - INFO - Chunk start: 22395.193712
2025-06-25 22:49:38,369 - INFO - Inference time: 30.568016 ms, MSE: 0.035329
2025-06-25 22:49:38,369 - INFO - Chunk end: 22395.449223
2025-06-25 22:49:40,116 - INFO - Chunk start: 22397.195593
2025-06-25 22:49:40,372 - INFO - Inference time: 30.844409 ms, MSE: 0.033633
2025-06-25 22:49:40,372 - INFO - Chunk end: 22397.451679
2025-06-25 22:49:42,117 - INFO - Chunk start: 22399.196584
2025-06-25 22:49:42,374 - INFO - Inference time: 31.107809 ms, MSE: 0.035131
2025-06-25 22:49:42,374 - INFO - Chunk end: 22399.453936
2025-06-25 22:49:44,119 - INFO - Chunk start: 22401.198480
2025-06-25 22:49:44,380 - INFO - Inference time: 36.012613 ms, MSE: 0.035426
2025-06-25 22:49:44,380 - INFO - Chunk end: 22401.459864
2025-06-25 22:49:46,120 - INFO - Chunk start: 22403.199983
2025-06-25 22:49:46,380 - INFO - Inference time: 33.475958 ms, MSE: 0.034356
2025-06-25 22:49:46,380 - INFO - Chunk end: 22403.459559
2025-06-25 22:49:48,121 - INFO - Chunk start: 22405.200527
2025-06-25 22:49:48,365 - INFO - Inference time: 31.253512 ms, MSE: 0.037381
2025-06-25 22:49:48,365 - INFO - Chunk end: 22405.445204
2025-06-25 22:49:50,123 - INFO - Chunk start: 22407.202295
2025-06-25 22:49:50,378 - INFO - Inference time: 31.151841 ms, MSE: 0.034838
2025-06-25 22:49:50,378 - INFO - Chunk end: 22407.457703
2025-06-25 22:49:52,125 - INFO - Chunk start: 22409.204242
2025-06-25 22:49:52,381 - INFO - Inference time: 31.933180 ms, MSE: 0.037576
2025-06-25 22:49:52,381 - INFO - Chunk end: 22409.461058
2025-06-25 22:49:54,125 - INFO - Chunk start: 22411.204465
2025-06-25 22:49:54,382 - INFO - Inference time: 31.240528 ms, MSE: 0.030451
2025-06-25 22:49:54,382 - INFO - Chunk end: 22411.461485
2025-06-25 22:49:56,127 - INFO - Chunk start: 22413.206266
2025-06-25 22:49:56,382 - INFO - Inference time: 31.651203 ms, MSE: 0.033525
2025-06-25 22:49:56,382 - INFO - Chunk end: 22413.461730
2025-06-25 22:49:58,129 - INFO - Chunk start: 22415.208249
2025-06-25 22:49:58,374 - INFO - Inference time: 31.156717 ms, MSE: 0.033545
2025-06-25 22:49:58,374 - INFO - Chunk end: 22415.453976
2025-06-25 22:50:00,130 - INFO - Chunk start: 22417.210132
2025-06-25 22:50:00,381 - INFO - Inference time: 36.718817 ms, MSE: 0.034941
2025-06-25 22:50:00,381 - INFO - Chunk end: 22417.460799
2025-06-25 22:50:02,132 - INFO - Chunk start: 22419.211690
2025-06-25 22:50:02,388 - INFO - Inference time: 32.408209 ms, MSE: 0.034272
2025-06-25 22:50:02,388 - INFO - Chunk end: 22419.467980
2025-06-25 22:50:04,133 - INFO - Chunk start: 22421.212403
2025-06-25 22:50:04,388 - INFO - Inference time: 31.881070 ms, MSE: 0.035620
2025-06-25 22:50:04,388 - INFO - Chunk end: 22421.468036
2025-06-25 22:50:06,133 - INFO - Chunk start: 22423.212423
2025-06-25 22:50:06,389 - INFO - Inference time: 31.673937 ms, MSE: 0.035600
2025-06-25 22:50:06,389 - INFO - Chunk end: 22423.468722
2025-06-25 22:50:08,135 - INFO - Chunk start: 22425.214445
2025-06-25 22:50:08,392 - INFO - Inference time: 31.726056 ms, MSE: 0.034267
2025-06-25 22:50:08,392 - INFO - Chunk end: 22425.471739
2025-06-25 22:50:10,137 - INFO - Chunk start: 22427.216398
2025-06-25 22:50:10,394 - INFO - Inference time: 31.433194 ms, MSE: 0.042652
2025-06-25 22:50:10,394 - INFO - Chunk end: 22427.473532
2025-06-25 22:50:12,137 - INFO - Chunk start: 22429.216626
2025-06-25 22:50:12,396 - INFO - Inference time: 31.793097 ms, MSE: 0.036077
2025-06-25 22:50:12,396 - INFO - Chunk end: 22429.475600
2025-06-25 22:50:14,139 - INFO - Chunk start: 22431.218460
2025-06-25 22:50:14,394 - INFO - Inference time: 31.499959 ms, MSE: 0.037797
2025-06-25 22:50:14,394 - INFO - Chunk end: 22431.474118
2025-06-25 22:50:16,141 - INFO - Chunk start: 22433.220270
2025-06-25 22:50:16,409 - INFO - Inference time: 36.492320 ms, MSE: 0.034017
2025-06-25 22:50:16,409 - INFO - Chunk end: 22433.488744
2025-06-25 22:50:18,140 - INFO - Chunk start: 22435.220206
2025-06-25 22:50:18,397 - INFO - Inference time: 33.204290 ms, MSE: 0.033180
2025-06-25 22:50:18,397 - INFO - Chunk end: 22435.476933
2025-06-25 22:50:20,143 - INFO - Chunk start: 22437.222236
2025-06-25 22:50:20,408 - INFO - Inference time: 31.298459 ms, MSE: 0.029458
2025-06-25 22:50:20,408 - INFO - Chunk end: 22437.487995
2025-06-25 23:39:13,560 - INFO - Fingerprint not found. Saved model loading will continue.
2025-06-25 23:39:15,574 - INFO - Chunk start: 25372.653340
2025-06-25 23:39:16,021 - INFO - Inference time: 204.659308 ms, MSE: 0.027685
2025-06-25 23:39:16,021 - INFO - Chunk end: 25373.100429
2025-06-25 23:39:17,572 - INFO - Chunk start: 25374.651977
2025-06-25 23:39:17,914 - INFO - Inference time: 32.283491 ms, MSE: 0.027461
2025-06-25 23:39:17,914 - INFO - Chunk end: 25374.993384
2025-06-25 23:39:19,573 - INFO - Chunk start: 25376.652277
2025-06-25 23:39:19,854 - INFO - Inference time: 31.777785 ms, MSE: 0.028963
2025-06-25 23:39:19,854 - INFO - Chunk end: 25376.933349
2025-06-25 23:39:21,574 - INFO - Chunk start: 25378.653972
2025-06-25 23:39:21,841 - INFO - Inference time: 31.989641 ms, MSE: 0.030291
2025-06-25 23:39:21,841 - INFO - Chunk end: 25378.920425
2025-06-25 23:39:23,576 - INFO - Chunk start: 25380.655918
2025-06-25 23:39:23,839 - INFO - Inference time: 33.385058 ms, MSE: 0.028425
2025-06-25 23:39:23,839 - INFO - Chunk end: 25380.919151
2025-06-25 23:39:25,577 - INFO - Chunk start: 25382.656328
2025-06-25 23:39:25,851 - INFO - Inference time: 32.733105 ms, MSE: 0.027913
2025-06-25 23:39:25,851 - INFO - Chunk end: 25382.930766
2025-06-25 23:39:27,578 - INFO - Chunk start: 25384.658081
2025-06-25 23:39:27,837 - INFO - Inference time: 31.259354 ms, MSE: 0.029543
2025-06-25 23:39:27,837 - INFO - Chunk end: 25384.917149
2025-06-25 23:39:29,580 - INFO - Chunk start: 25386.659875
2025-06-25 23:39:29,841 - INFO - Inference time: 31.569265 ms, MSE: 0.029713
2025-06-25 23:39:29,841 - INFO - Chunk end: 25386.921099
2025-06-25 23:39:31,581 - INFO - Chunk start: 25388.660262
2025-06-25 23:39:31,838 - INFO - Inference time: 31.755695 ms, MSE: 0.029018
2025-06-25 23:39:31,838 - INFO - Chunk end: 25388.917413
2025-06-25 23:39:33,581 - INFO - Chunk start: 25390.660541
2025-06-25 23:39:33,838 - INFO - Inference time: 39.515551 ms, MSE: 0.028974
2025-06-25 23:39:33,838 - INFO - Chunk end: 25390.917987
2025-06-25 23:39:35,583 - INFO - Chunk start: 25392.662400
2025-06-25 23:39:35,866 - INFO - Inference time: 31.847843 ms, MSE: 0.029549
2025-06-25 23:39:35,866 - INFO - Chunk end: 25392.946069
2025-06-25 23:39:37,584 - INFO - Chunk start: 25394.664115
2025-06-25 23:39:37,855 - INFO - Inference time: 30.897116 ms, MSE: 0.035188
2025-06-25 23:39:37,855 - INFO - Chunk end: 25394.935073
2025-06-25 23:39:39,585 - INFO - Chunk start: 25396.664538
2025-06-25 23:39:39,840 - INFO - Inference time: 35.902716 ms, MSE: 0.032279
2025-06-25 23:39:39,840 - INFO - Chunk end: 25396.919598
2025-06-25 23:39:41,586 - INFO - Chunk start: 25398.666087
2025-06-25 23:39:41,845 - INFO - Inference time: 32.942712 ms, MSE: 0.027568
2025-06-25 23:39:41,845 - INFO - Chunk end: 25398.925084
2025-06-25 23:39:43,588 - INFO - Chunk start: 25400.668154
2025-06-25 23:39:43,837 - INFO - Inference time: 31.151192 ms, MSE: 0.027509
2025-06-25 23:39:43,837 - INFO - Chunk end: 25400.916677
2025-06-25 23:39:45,589 - INFO - Chunk start: 25402.668249
2025-06-25 23:39:45,847 - INFO - Inference time: 31.375040 ms, MSE: 0.028783
2025-06-25 23:39:45,847 - INFO - Chunk end: 25402.926877
2025-06-25 23:39:47,591 - INFO - Chunk start: 25404.670300
2025-06-25 23:39:47,876 - INFO - Inference time: 31.504139 ms, MSE: 0.030629
2025-06-25 23:39:47,876 - INFO - Chunk end: 25404.956141
2025-06-25 23:39:49,592 - INFO - Chunk start: 25406.672201
2025-06-25 23:39:49,854 - INFO - Inference time: 30.952902 ms, MSE: 0.030195
2025-06-25 23:39:49,854 - INFO - Chunk end: 25406.934192
2025-06-25 23:39:51,593 - INFO - Chunk start: 25408.672499
2025-06-25 23:39:51,856 - INFO - Inference time: 31.783006 ms, MSE: 0.027374
2025-06-25 23:39:51,856 - INFO - Chunk end: 25408.935529
2025-06-25 23:39:53,595 - INFO - Chunk start: 25410.674391
2025-06-25 23:39:53,853 - INFO - Inference time: 31.671944 ms, MSE: 0.026821
2025-06-25 23:39:53,853 - INFO - Chunk end: 25410.932827
2025-06-25 23:39:55,597 - INFO - Chunk start: 25412.676225
2025-06-25 23:39:55,858 - INFO - Inference time: 34.580847 ms, MSE: 0.029907
2025-06-25 23:39:55,858 - INFO - Chunk end: 25412.937400
2025-06-25 23:39:57,596 - INFO - Chunk start: 25414.676195
2025-06-25 23:39:57,862 - INFO - Inference time: 31.408209 ms, MSE: 0.028845
2025-06-25 23:39:57,862 - INFO - Chunk end: 25414.941920
2025-06-25 23:39:59,597 - INFO - Chunk start: 25416.676500
2025-06-25 23:39:59,856 - INFO - Inference time: 31.443245 ms, MSE: 0.027250
2025-06-25 23:39:59,856 - INFO - Chunk end: 25416.935674
2025-06-25 23:40:01,598 - INFO - Chunk start: 25418.678102
2025-06-25 23:40:01,868 - INFO - Inference time: 34.524580 ms, MSE: 0.030341
2025-06-25 23:40:01,868 - INFO - Chunk end: 25418.947844
2025-06-25 23:40:03,600 - INFO - Chunk start: 25420.680100
2025-06-25 23:40:03,858 - INFO - Inference time: 31.542985 ms, MSE: 0.029461
2025-06-25 23:40:03,858 - INFO - Chunk end: 25420.937681
2025-06-25 23:40:05,601 - INFO - Chunk start: 25422.680460
2025-06-25 23:40:05,858 - INFO - Inference time: 31.008911 ms, MSE: 0.026717
2025-06-25 23:40:05,858 - INFO - Chunk end: 25422.937871
2025-06-25 23:40:07,601 - INFO - Chunk start: 25424.680472
2025-06-25 23:40:07,862 - INFO - Inference time: 35.627130 ms, MSE: 0.026851
2025-06-25 23:40:07,863 - INFO - Chunk end: 25424.942289
2025-06-25 23:40:09,603 - INFO - Chunk start: 25426.682372
2025-06-25 23:40:09,860 - INFO - Inference time: 32.922466 ms, MSE: 0.027106
2025-06-25 23:40:09,860 - INFO - Chunk end: 25426.939485
2025-06-25 23:40:11,604 - INFO - Chunk start: 25428.684182
2025-06-25 23:40:11,861 - INFO - Inference time: 34.214319 ms, MSE: 0.026641
2025-06-25 23:40:11,862 - INFO - Chunk end: 25428.941359
2025-06-25 23:40:13,605 - INFO - Chunk start: 25430.684232
2025-06-25 23:40:13,860 - INFO - Inference time: 31.962319 ms, MSE: 0.026104
2025-06-25 23:40:13,861 - INFO - Chunk end: 25430.940330
2025-06-25 23:40:15,606 - INFO - Chunk start: 25432.686184
2025-06-25 23:40:15,854 - INFO - Inference time: 31.374171 ms, MSE: 0.026736
2025-06-25 23:40:15,854 - INFO - Chunk end: 25432.934039
2025-06-25 23:40:17,608 - INFO - Chunk start: 25434.687831
2025-06-25 23:40:17,854 - INFO - Inference time: 32.094675 ms, MSE: 0.026884
2025-06-25 23:40:17,854 - INFO - Chunk end: 25434.933609
2025-06-25 23:40:19,609 - INFO - Chunk start: 25436.688702
2025-06-25 23:40:19,854 - INFO - Inference time: 31.503016 ms, MSE: 0.028280
2025-06-25 23:40:19,854 - INFO - Chunk end: 25436.933335
2025-06-25 23:40:21,611 - INFO - Chunk start: 25438.690563
2025-06-25 23:40:21,860 - INFO - Inference time: 31.678738 ms, MSE: 0.026427
2025-06-25 23:40:21,860 - INFO - Chunk end: 25438.939676
2025-06-25 23:40:23,613 - INFO - Chunk start: 25440.692494
2025-06-25 23:40:23,867 - INFO - Inference time: 31.194183 ms, MSE: 0.026956
2025-06-25 23:40:23,867 - INFO - Chunk end: 25440.946919
2025-06-25 23:40:25,614 - INFO - Chunk start: 25442.693463
2025-06-25 23:40:25,860 - INFO - Inference time: 31.356903 ms, MSE: 0.028525
2025-06-25 23:40:25,860 - INFO - Chunk end: 25442.939821
2025-06-25 23:40:27,616 - INFO - Chunk start: 25444.695306
2025-06-25 23:40:27,874 - INFO - Inference time: 34.139658 ms, MSE: 0.028776
2025-06-25 23:40:27,874 - INFO - Chunk end: 25444.953973
2025-06-25 23:40:29,617 - INFO - Chunk start: 25446.696328
2025-06-25 23:40:29,877 - INFO - Inference time: 32.517339 ms, MSE: 0.028100
2025-06-25 23:40:29,877 - INFO - Chunk end: 25446.956957
2025-06-25 23:40:31,619 - INFO - Chunk start: 25448.698405
2025-06-25 23:40:31,875 - INFO - Inference time: 31.627036 ms, MSE: 0.029473
2025-06-25 23:40:31,875 - INFO - Chunk end: 25448.955204
2025-06-25 23:40:33,620 - INFO - Chunk start: 25450.700169
2025-06-25 23:40:33,878 - INFO - Inference time: 31.548122 ms, MSE: 0.031298
2025-06-25 23:40:33,878 - INFO - Chunk end: 25450.957545
2025-06-25 23:40:35,621 - INFO - Chunk start: 25452.700484
2025-06-25 23:40:35,882 - INFO - Inference time: 32.377545 ms, MSE: 0.029220
2025-06-25 23:40:35,882 - INFO - Chunk end: 25452.961674
2025-06-25 23:40:37,623 - INFO - Chunk start: 25454.702276
2025-06-25 23:40:37,882 - INFO - Inference time: 30.962241 ms, MSE: 0.034917
2025-06-25 23:40:37,882 - INFO - Chunk end: 25454.962147
2025-06-25 23:43:51,157 - INFO - Fingerprint not found. Saved model loading will continue.
2025-06-25 23:43:53,170 - INFO - Chunk start: 25650.249340
2025-06-25 23:43:53,654 - INFO - Inference time: 199.338493 ms, MSE: 0.026564
2025-06-25 23:43:53,654 - INFO - Chunk end: 25650.733988
2025-06-25 23:43:55,168 - INFO - Chunk start: 25652.248100
2025-06-25 23:43:55,439 - INFO - Inference time: 34.461490 ms, MSE: 0.026864
2025-06-25 23:43:55,439 - INFO - Chunk end: 25652.518427
2025-06-25 23:43:57,168 - INFO - Chunk start: 25654.248212
2025-06-25 23:43:57,444 - INFO - Inference time: 32.384051 ms, MSE: 0.027019
2025-06-25 23:43:57,444 - INFO - Chunk end: 25654.523812
2025-06-25 23:43:59,170 - INFO - Chunk start: 25656.250138
2025-06-25 23:43:59,439 - INFO - Inference time: 31.968131 ms, MSE: 0.027191
2025-06-25 23:43:59,439 - INFO - Chunk end: 25656.518405
2025-06-25 23:44:01,172 - INFO - Chunk start: 25658.251919
2025-06-25 23:44:01,453 - INFO - Inference time: 35.030586 ms, MSE: 0.027688
2025-06-25 23:44:01,453 - INFO - Chunk end: 25658.532694
2025-06-25 23:44:03,173 - INFO - Chunk start: 25660.252346
2025-06-25 23:44:03,475 - INFO - Inference time: 31.279212 ms, MSE: 0.027477
2025-06-25 23:44:03,476 - INFO - Chunk end: 25660.555252
2025-06-25 23:44:05,174 - INFO - Chunk start: 25662.254080
2025-06-25 23:44:05,448 - INFO - Inference time: 34.381379 ms, MSE: 0.027363
2025-06-25 23:44:05,448 - INFO - Chunk end: 25662.527935
2025-06-25 23:44:07,176 - INFO - Chunk start: 25664.255871
2025-06-25 23:44:07,440 - INFO - Inference time: 31.676465 ms, MSE: 0.026957
2025-06-25 23:44:07,440 - INFO - Chunk end: 25664.519366
2025-06-25 23:44:09,177 - INFO - Chunk start: 25666.256231
2025-06-25 23:44:09,446 - INFO - Inference time: 31.346757 ms, MSE: 0.026627
2025-06-25 23:44:09,446 - INFO - Chunk end: 25666.525667
2025-06-25 23:44:11,179 - INFO - Chunk start: 25668.258354
2025-06-25 23:44:11,439 - INFO - Inference time: 32.155110 ms, MSE: 0.026719
2025-06-25 23:44:11,440 - INFO - Chunk end: 25668.519251
2025-06-25 23:44:13,181 - INFO - Chunk start: 25670.260341
2025-06-25 23:44:13,445 - INFO - Inference time: 31.970705 ms, MSE: 0.027221
2025-06-25 23:44:13,445 - INFO - Chunk end: 25670.524871
2025-06-25 23:44:15,181 - INFO - Chunk start: 25672.260300
2025-06-25 23:44:15,446 - INFO - Inference time: 31.670670 ms, MSE: 0.027284
2025-06-25 23:44:15,446 - INFO - Chunk end: 25672.525724
2025-06-25 23:45:40,715 - INFO - Fingerprint not found. Saved model loading will continue.
2025-06-25 23:45:42,727 - INFO - Chunk start: 25759.806706
2025-06-25 23:45:43,115 - INFO - Inference time: 150.927251 ms, MSE: 0.027087
2025-06-25 23:45:43,115 - INFO - Chunk end: 25760.194712
2025-06-25 23:45:44,726 - INFO - Chunk start: 25761.805705
2025-06-25 23:45:44,996 - INFO - Inference time: 34.142900 ms, MSE: 0.027292
2025-06-25 23:45:44,996 - INFO - Chunk end: 25762.075598
2025-06-25 23:45:46,728 - INFO - Chunk start: 25763.807499
2025-06-25 23:45:46,992 - INFO - Inference time: 35.069395 ms, MSE: 0.027018
2025-06-25 23:45:46,992 - INFO - Chunk end: 25764.071704
2025-06-25 23:45:48,729 - INFO - Chunk start: 25765.808212
2025-06-25 23:45:48,992 - INFO - Inference time: 32.709537 ms, MSE: 0.027823
2025-06-25 23:45:48,992 - INFO - Chunk end: 25766.072062
2025-06-25 23:45:50,729 - INFO - Chunk start: 25767.808303
2025-06-25 23:45:51,020 - INFO - Inference time: 36.122100 ms, MSE: 0.027271
2025-06-25 23:45:51,020 - INFO - Chunk end: 25768.100238
2025-06-25 23:52:15,734 - INFO - Fingerprint not found. Saved model loading will continue.
2025-06-25 23:52:17,747 - INFO - Chunk start: 26154.826652
2025-06-25 23:52:18,133 - INFO - Inference time: 153.965254 ms, MSE: 0.026122
2025-06-25 23:52:18,133 - INFO - Chunk end: 26155.212496
2025-06-25 23:52:19,745 - INFO - Chunk start: 26156.824360
2025-06-25 23:52:20,012 - INFO - Inference time: 34.463514 ms, MSE: 0.034660
2025-06-25 23:52:20,012 - INFO - Chunk end: 26157.092030
2025-06-25 23:52:21,746 - INFO - Chunk start: 26158.826141
2025-06-25 23:52:22,014 - INFO - Inference time: 33.244159 ms, MSE: 0.035778
2025-06-25 23:52:22,014 - INFO - Chunk end: 26159.094073
2025-06-25 23:52:23,748 - INFO - Chunk start: 26160.828027
2025-06-25 23:52:24,017 - INFO - Inference time: 32.694756 ms, MSE: 0.028774
2025-06-25 23:52:24,017 - INFO - Chunk end: 26161.096572
2025-06-25 23:52:25,750 - INFO - Chunk start: 26162.829875
2025-06-25 23:52:26,020 - INFO - Inference time: 37.198991 ms, MSE: 0.028500
2025-06-25 23:52:26,020 - INFO - Chunk end: 26163.099325
2025-06-25 23:52:27,752 - INFO - Chunk start: 26164.831729
2025-06-25 23:52:28,005 - INFO - Inference time: 33.256423 ms, MSE: 0.027554
2025-06-25 23:52:28,005 - INFO - Chunk end: 26165.084653
2025-06-25 23:52:29,754 - INFO - Chunk start: 26166.833633
2025-06-25 23:52:30,024 - INFO - Inference time: 36.499006 ms, MSE: 0.029598
2025-06-25 23:52:30,024 - INFO - Chunk end: 26167.103681
2025-06-25 23:52:31,756 - INFO - Chunk start: 26168.835522
2025-06-25 23:52:32,020 - INFO - Inference time: 34.143356 ms, MSE: 0.029228
2025-06-25 23:52:32,020 - INFO - Chunk end: 26169.100011
2025-06-25 23:52:33,757 - INFO - Chunk start: 26170.836218
2025-06-25 23:52:34,032 - INFO - Inference time: 39.943428 ms, MSE: 0.028003
2025-06-25 23:52:34,032 - INFO - Chunk end: 26171.111890
2025-06-25 23:52:35,758 - INFO - Chunk start: 26172.837599
2025-06-25 23:52:36,023 - INFO - Inference time: 32.812831 ms, MSE: 0.028374
2025-06-25 23:52:36,023 - INFO - Chunk end: 26173.102438
2025-06-25 23:52:37,760 - INFO - Chunk start: 26174.839524
2025-06-25 23:52:38,012 - INFO - Inference time: 33.221079 ms, MSE: 0.027765
2025-06-25 23:52:38,012 - INFO - Chunk end: 26175.091850
2025-06-25 23:52:39,761 - INFO - Chunk start: 26176.840471
2025-06-25 23:52:40,026 - INFO - Inference time: 34.605060 ms, MSE: 0.030243
2025-06-25 23:52:40,026 - INFO - Chunk end: 26177.105927
2025-06-25 23:52:41,762 - INFO - Chunk start: 26178.841345
2025-06-25 23:52:42,028 - INFO - Inference time: 35.527615 ms, MSE: 0.028476
2025-06-25 23:52:42,028 - INFO - Chunk end: 26179.107899
2025-06-25 23:52:43,763 - INFO - Chunk start: 26180.842886
2025-06-25 23:52:44,029 - INFO - Inference time: 33.788245 ms, MSE: 0.028031
2025-06-25 23:52:44,029 - INFO - Chunk end: 26181.109025
2025-06-25 23:52:45,765 - INFO - Chunk start: 26182.844349
2025-06-25 23:52:46,044 - INFO - Inference time: 33.334324 ms, MSE: 0.028030
2025-06-25 23:52:46,044 - INFO - Chunk end: 26183.124230
2025-06-25 23:52:47,765 - INFO - Chunk start: 26184.844393
2025-06-25 23:52:48,029 - INFO - Inference time: 33.260131 ms, MSE: 0.029471
2025-06-25 23:52:48,029 - INFO - Chunk end: 26185.109042
2025-06-25 23:52:49,767 - INFO - Chunk start: 26186.846320
2025-06-25 23:52:50,034 - INFO - Inference time: 34.929775 ms, MSE: 0.029955
2025-06-25 23:52:50,034 - INFO - Chunk end: 26187.114230
2025-06-25 23:52:51,768 - INFO - Chunk start: 26188.847839
2025-06-25 23:52:52,059 - INFO - Inference time: 32.775733 ms, MSE: 0.028378
2025-06-25 23:52:52,059 - INFO - Chunk end: 26189.139061
2025-06-25 23:52:53,769 - INFO - Chunk start: 26190.848568
2025-06-25 23:52:54,034 - INFO - Inference time: 32.494318 ms, MSE: 0.028398
2025-06-25 23:52:54,034 - INFO - Chunk end: 26191.113618
2025-06-25 23:52:55,771 - INFO - Chunk start: 26192.850321
2025-06-25 23:52:56,043 - INFO - Inference time: 30.963792 ms, MSE: 0.028046
2025-06-25 23:52:56,043 - INFO - Chunk end: 26193.122330
2025-06-25 23:52:57,772 - INFO - Chunk start: 26194.852063
2025-06-25 23:52:58,041 - INFO - Inference time: 35.495273 ms, MSE: 0.028420
2025-06-25 23:52:58,041 - INFO - Chunk end: 26195.120620
2025-06-25 23:52:59,773 - INFO - Chunk start: 26196.852298
2025-06-25 23:53:00,037 - INFO - Inference time: 33.044272 ms, MSE: 0.028313
2025-06-25 23:53:00,037 - INFO - Chunk end: 26197.117073
2025-06-25 23:53:01,775 - INFO - Chunk start: 26198.854253
2025-06-25 23:53:02,058 - INFO - Inference time: 35.313290 ms, MSE: 0.027255
2025-06-25 23:53:02,058 - INFO - Chunk end: 26199.137480
2025-06-25 23:55:37,282 - INFO - Fingerprint not found. Saved model loading will continue.
2025-06-25 23:55:39,294 - INFO - Chunk start: 26356.374161
2025-06-25 23:55:39,671 - INFO - Inference time: 144.056460 ms, MSE: 0.028243
2025-06-25 23:55:39,671 - INFO - Chunk end: 26356.750339
2025-06-25 23:55:41,293 - INFO - Chunk start: 26358.372228
2025-06-25 23:55:41,566 - INFO - Inference time: 31.734218 ms, MSE: 0.028937
2025-06-25 23:55:41,566 - INFO - Chunk end: 26358.645935
2025-06-25 23:55:43,293 - INFO - Chunk start: 26360.372360
2025-06-25 23:55:43,585 - INFO - Inference time: 31.003416 ms, MSE: 0.027323
2025-06-25 23:55:43,585 - INFO - Chunk end: 26360.664947
2025-06-25 23:55:45,294 - INFO - Chunk start: 26362.374123
2025-06-25 23:55:45,557 - INFO - Inference time: 31.076366 ms, MSE: 0.027172
2025-06-25 23:55:45,557 - INFO - Chunk end: 26362.637177
2025-06-25 23:55:47,296 - INFO - Chunk start: 26364.375882
2025-06-25 23:55:47,572 - INFO - Inference time: 32.848197 ms, MSE: 0.027388
2025-06-25 23:55:47,573 - INFO - Chunk end: 26364.652287
2025-06-25 23:55:49,297 - INFO - Chunk start: 26366.376251
2025-06-25 23:55:49,566 - INFO - Inference time: 29.959299 ms, MSE: 0.027388
2025-06-25 23:55:49,566 - INFO - Chunk end: 26366.645631
2025-06-25 23:55:51,298 - INFO - Chunk start: 26368.378003
2025-06-25 23:55:51,568 - INFO - Inference time: 30.920798 ms, MSE: 0.029160
2025-06-25 23:55:51,568 - INFO - Chunk end: 26368.647975
2025-06-25 23:55:53,300 - INFO - Chunk start: 26370.379911
2025-06-25 23:55:53,572 - INFO - Inference time: 30.627736 ms, MSE: 0.029104
2025-06-25 23:55:53,572 - INFO - Chunk end: 26370.652067
2025-06-25 23:55:55,301 - INFO - Chunk start: 26372.380226
2025-06-25 23:55:55,565 - INFO - Inference time: 30.605122 ms, MSE: 0.027439
2025-06-25 23:55:55,565 - INFO - Chunk end: 26372.644999
2025-06-25 23:55:57,302 - INFO - Chunk start: 26374.382153
2025-06-25 23:55:57,565 - INFO - Inference time: 29.488429 ms, MSE: 0.027971
2025-06-25 23:55:57,565 - INFO - Chunk end: 26374.645113
2025-06-25 23:55:59,304 - INFO - Chunk start: 26376.384157
2025-06-25 23:55:59,574 - INFO - Inference time: 31.588801 ms, MSE: 0.027936
2025-06-25 23:55:59,574 - INFO - Chunk end: 26376.653742
2025-06-25 23:56:01,305 - INFO - Chunk start: 26378.384584
2025-06-25 23:56:01,585 - INFO - Inference time: 30.037858 ms, MSE: 0.030497
2025-06-25 23:56:01,585 - INFO - Chunk end: 26378.665030
2025-06-25 23:56:03,307 - INFO - Chunk start: 26380.386440
2025-06-25 23:56:03,573 - INFO - Inference time: 34.041546 ms, MSE: 0.028567
2025-06-25 23:56:03,573 - INFO - Chunk end: 26380.653069
2025-06-25 23:56:05,308 - INFO - Chunk start: 26382.388058
2025-06-25 23:56:05,578 - INFO - Inference time: 30.630347 ms, MSE: 0.028567
2025-06-25 23:56:05,578 - INFO - Chunk end: 26382.657373
2025-06-25 23:56:07,309 - INFO - Chunk start: 26384.388411
2025-06-26 00:01:15,493 - INFO - Fingerprint not found. Saved model loading will continue.
2025-06-26 00:01:17,506 - INFO - Chunk start: 26694.585801
2025-06-26 00:01:17,937 - INFO - Inference time: 195.019869 ms, MSE: 0.027735
2025-06-26 00:01:17,937 - INFO - Chunk end: 26695.017028
2025-06-26 00:01:19,504 - INFO - Chunk start: 26696.584124
2025-06-26 00:01:19,811 - INFO - Inference time: 32.272245 ms, MSE: 0.029393
2025-06-26 00:01:19,811 - INFO - Chunk end: 26696.890766
2025-06-26 00:01:21,505 - INFO - Chunk start: 26698.584214
2025-06-26 00:01:21,800 - INFO - Inference time: 32.445404 ms, MSE: 0.028320
2025-06-26 00:01:21,800 - INFO - Chunk end: 26698.879787
2025-06-26 00:01:23,506 - INFO - Chunk start: 26700.585942
2025-06-26 00:01:23,792 - INFO - Inference time: 32.715768 ms, MSE: 0.029481
2025-06-26 00:01:23,792 - INFO - Chunk end: 26700.872029
2025-06-26 00:01:25,508 - INFO - Chunk start: 26702.587698
2025-06-26 00:01:25,761 - INFO - Inference time: 33.406491 ms, MSE: 0.027944
2025-06-26 00:01:25,761 - INFO - Chunk end: 26702.841006
2025-06-26 00:01:27,509 - INFO - Chunk start: 26704.588249
2025-06-26 00:01:27,786 - INFO - Inference time: 30.595345 ms, MSE: 0.028127
2025-06-26 00:01:27,786 - INFO - Chunk end: 26704.866073
2025-06-26 00:01:29,510 - INFO - Chunk start: 26706.589973
2025-06-26 00:01:29,758 - INFO - Inference time: 30.677155 ms, MSE: 0.027965
2025-06-26 00:01:29,758 - INFO - Chunk end: 26706.837558
2025-06-26 00:01:31,512 - INFO - Chunk start: 26708.591906
2025-06-26 00:01:31,769 - INFO - Inference time: 31.465866 ms, MSE: 0.027594
2025-06-26 00:01:31,769 - INFO - Chunk end: 26708.848727
2025-06-26 00:01:33,512 - INFO - Chunk start: 26710.592207
2025-06-26 00:01:33,820 - INFO - Inference time: 32.205100 ms, MSE: 0.028374
2025-06-26 00:01:33,821 - INFO - Chunk end: 26710.900305
2025-06-26 00:01:35,514 - INFO - Chunk start: 26712.594011
2025-06-26 00:01:35,773 - INFO - Inference time: 31.531993 ms, MSE: 0.027840
2025-06-26 00:01:35,773 - INFO - Chunk end: 26712.852712
2025-06-26 00:01:37,516 - INFO - Chunk start: 26714.595818
2025-06-26 00:01:37,790 - INFO - Inference time: 32.046221 ms, MSE: 0.028718
2025-06-26 00:01:37,790 - INFO - Chunk end: 26714.869598
