2025-06-23T12:27:11 : TensorRT init failed, using plain model (0) - 
2025-06-23T12:27:32 : Average MSE: 0.209763, Average inference time: 0.486443 ms (0) - timeout
2025-06-23T12:28:03 : Anomaly detected!! (0) - repeated
2025-06-23T12:28:04 : Anomaly detected!! (0) - repeated
2025-06-23T12:28:06 : Anomaly detected!! (0) - repeated
2025-06-23T12:28:07 : Anomaly detected!! (0) - repeated
2025-06-23T12:28:07 : Anomaly detected!! (0) - 
2025-06-23T12:28:08 : Anomaly detected!! (0) - repeated
2025-06-23T12:28:09 : Anomaly detected!! (0) - repeated
2025-06-23T12:28:11 : Anomaly detected!! (0) - repeated
2025-06-23T12:28:12 : Anomaly detected!! (0) - repeated
2025-06-23T12:28:13 : Anomaly detected!! (0) - repeated
2025-06-23T12:28:14 : Anomaly detected!! (0) - repeated
2025-06-23T12:28:15 : Anomaly detected!! (0) - repeated
2025-06-23T12:28:20 : Average MSE: 0.274216, Average inference time: 0.480347 ms (0) - timeout
2025-06-23T12:29:02 : TensorRT init failed, using plain model (0) - timeout
2025-06-23T12:29:21 : Average MSE: 0.222179, Average inference time: 0.431586 ms (0) - 
2025-06-23T12:29:50 : TensorRT init failed, using plain model (0) - timeout
2025-06-23T12:29:56 : Anomaly detected!! (0) - 
2025-06-23T12:30:12 : Average MSE: 0.243143, Average inference time: 0.420075 ms (0) - timeout
2025-06-23T12:36:05 : TensorRT init failed, using plain model (0) - 
2025-06-23T12:36:27 : Average MSE: 0.000086, Average inference time: 0.511919 ms (0) - 
2025-06-23T12:36:55 : TensorRT init failed, using plain model (0) - 
2025-06-23T12:37:37 : Anomaly detected!! (0) - repeated
2025-06-23T12:37:38 : Anomaly detected!! (0) - repeated
2025-06-23T12:37:39 : Anomaly detected!! (0) - repeated
2025-06-23T12:37:40 : Anomaly detected!! (0) - repeated
2025-06-23T12:37:41 : Anomaly detected!! (0) - repeated
2025-06-23T12:37:43 : Anomaly detected!! (0) - repeated
2025-06-23T12:37:44 : Anomaly detected!! (0) - repeated
2025-06-23T12:37:45 : Anomaly detected!! (0) - repeated
2025-06-23T12:37:46 : Anomaly detected!! (0) - repeated
2025-06-23T12:37:47 : Anomaly detected!! (0) - 
2025-06-23T12:37:48 : Anomaly detected!! (0) - repeated
2025-06-23T12:37:48 : Anomaly detected!! (0) - 
2025-06-23T12:37:49 : Anomaly detected!! (0) - 
2025-06-23T12:37:49 : Average MSE: 0.274216, Average inference time: 0.469649 ms (0) - 
2025-06-23T12:48:19 : Anomaly detected!! (0) - repeated
2025-06-23T12:48:20 : Anomaly detected!! (0) - repeated
2025-06-23T12:48:21 : Anomaly detected!! (0) - repeated
2025-06-23T12:48:22 : Anomaly detected!! (0) - repeated
2025-06-23T12:48:24 : Anomaly detected!! (0) - repeated
2025-06-23T12:48:25 : Anomaly detected!! (0) - repeated
2025-06-23T12:48:26 : Anomaly detected!! (0) - repeated
2025-06-23T12:48:27 : Anomaly detected!! (0) - repeated
2025-06-23T12:48:28 : Anomaly detected!! (0) - repeated
2025-06-23T12:48:29 : Anomaly detected!! (0) - repeated
2025-06-23T12:48:31 : Anomaly detected!! (0) - repeated
2025-06-23T12:48:31 : Average MSE: 0.274216, Average inference time: 0.522654 ms (0) - repeated
2025-06-23T12:49:16 : TensorRT init failed, using plain model (0) - 
2025-06-23T12:50:08 : Anomaly detected!! (0) - timeout
2025-06-23T12:50:23 : Average MSE: 0.225028, Average inference time: 0.384807 ms (0) - timeout
2025-06-23T12:52:43 : Shared memory connected. (0) - repeated
2025-06-23T12:52:48 : Semaphore connected. (0) - timeout
2025-06-23T12:53:20 : Shared memory connected. (0) - repeated
2025-06-23T12:53:24 : Semaphore connected. (0) - timeout
2025-06-23T12:54:04 : Anomaly detected!! (0) - repeated
2025-06-23T12:54:04 : Anomaly detected! (0) - 
2025-06-23T12:54:17 : Anomaly detected! (0) - timeout
2025-06-23T12:54:52 : Anomaly detected!! (0) - repeated
2025-06-23T12:54:54 : Anomaly detected! (0) - repeated
2025-06-23T12:54:58 : Anomaly detected!! (0) - repeated
2025-06-23T12:55:03 : Anomaly detected! (0) - timeout
2025-06-23T12:55:27 : Anomaly detected! (0) - 
2025-06-23T12:55:50 : Anomaly detected!! (0) - repeated
2025-06-23T12:55:54 : Anomaly detected! (0) - 
2025-06-23T12:57:13 : Anomaly detected! (0) - timeout
2025-06-23T12:58:08 : Shared memory connected. (0) - repeated
2025-06-23T12:58:11 : Semaphore connected. (0) - 
2025-06-23T12:58:42 : Shared memory connected. (0) - repeated
2025-06-23T12:58:45 : Semaphore connected. (0) - 
2025-06-23T13:49:16 : Shared memory connected. (0) - repeated
2025-06-23T13:49:21 : Semaphore connected. (0) - timeout
2025-06-24T11:03:40 : Shared memory connected. (0) - repeated
2025-06-24T11:03:45 : Semaphore connected. (0) - timeout
2025-06-24T11:06:25 : Shared memory connected. (0) - repeated
2025-06-24T11:06:30 : Semaphore connected. (0) - timeout
2025-06-24T11:07:57 : Anomaly detected!! (0) - repeated
2025-06-24T11:07:59 : Anomaly detected! (0) - repeated
2025-06-24T11:08:03 : Anomaly detected!! (0) - repeated
2025-06-24T11:08:05 : Anomaly detected! (0) - repeated
2025-06-24T11:08:11 : Anomaly detected!! (0) - repeated
2025-06-24T11:08:13 : Anomaly detected! (0) - repeated
2025-06-24T11:08:17 : Anomaly detected! (0) - 
2025-06-24T11:09:30 : Shared memory connected. (0) - repeated
2025-06-24T11:09:35 : Semaphore connected. (0) - timeout
2025-06-24T11:10:10 : Shared memory connected. (0) - repeated
2025-06-24T11:10:13 : Semaphore connected. (0) - 
2025-06-24T11:43:35 : Anomaly detected!! (0) - repeated
2025-06-24T11:43:36 : Anomaly detected!! (0) - repeated
2025-06-24T11:43:37 : Anomaly detected!! (0) - repeated
2025-06-24T11:43:37 : Anomaly detected!! (0) - repeated
2025-06-24T11:43:38 : Anomaly detected!! (0) - repeated
2025-06-24T11:43:39 : Anomaly detected!! (0) - repeated
2025-06-24T11:43:39 : Anomaly detected!! (0) - repeated
2025-06-24T11:43:40 : Anomaly detected!! (0) - repeated
2025-06-24T11:43:40 : Anomaly detected!! (0) - repeated
2025-06-24T11:43:41 : Anomaly detected!! (0) - repeated
2025-06-24T11:43:42 : Anomaly detected!! (0) - repeated
2025-06-24T11:43:42 : Anomaly detected!! (0) - repeated
2025-06-24T11:43:43 : Anomaly detected!! (0) - repeated
2025-06-24T11:43:44 : Anomaly detected!! (0) - repeated
2025-06-24T11:43:44 : Anomaly detected!! (0) - repeated
2025-06-24T11:43:45 : Anomaly detected!! (0) - repeated
2025-06-24T11:43:45 : Anomaly detected!! (0) - repeated
2025-06-24T11:43:46 : Anomaly detected!! (0) - repeated
2025-06-24T11:43:47 : Anomaly detected!! (0) - repeated
2025-06-24T11:43:47 : Anomaly detected!! (0) - repeated
2025-06-24T11:43:48 : Anomaly detected!! (0) - repeated
2025-06-24T11:43:49 : Anomaly detected!! (0) - repeated
2025-06-24T11:43:49 : Anomaly detected!! (0) - repeated
2025-06-24T11:43:50 : Anomaly detected!! (0) - repeated
2025-06-24T11:43:50 : Anomaly detected!! (0) - repeated
2025-06-24T11:43:51 : Anomaly detected!! (0) - repeated
2025-06-24T11:43:52 : Anomaly detected!! (0) - repeated
2025-06-24T11:43:52 : Anomaly detected!! (0) - repeated
2025-06-24T11:43:53 : Anomaly detected!! (0) - repeated
2025-06-24T11:43:54 : Anomaly detected!! (0) - repeated
2025-06-24T11:43:54 : Anomaly detected!! (0) - repeated
2025-06-24T11:43:55 : Anomaly detected!! (0) - repeated
2025-06-24T11:43:55 : Anomaly detected!! (0) - repeated
2025-06-24T11:43:56 : Anomaly detected!! (0) - repeated
2025-06-24T11:43:57 : Anomaly detected!! (0) - repeated
2025-06-24T11:43:57 : Anomaly detected!! (0) - repeated
2025-06-24T11:43:58 : Anomaly detected!! (0) - repeated
2025-06-24T11:43:58 : Anomaly detected!! (0) - repeated
2025-06-24T11:43:59 : Anomaly detected!! (0) - repeated
2025-06-24T11:44:00 : Anomaly detected!! (0) - repeated
2025-06-24T11:44:00 : Anomaly detected!! (0) - repeated
2025-06-24T11:44:01 : Anomaly detected!! (0) - repeated
2025-06-24T11:44:02 : Anomaly detected!! (0) - repeated
2025-06-24T11:44:02 : Anomaly detected!! (0) - repeated
2025-06-24T11:44:03 : Anomaly detected!! (0) - repeated
2025-06-24T11:44:03 : Anomaly detected!! (0) - repeated
2025-06-24T11:44:04 : Anomaly detected!! (0) - repeated
2025-06-24T11:44:05 : Anomaly detected!! (0) - repeated
2025-06-24T11:44:05 : Anomaly detected!! (0) - repeated
2025-06-24T11:44:06 : Anomaly detected!! (0) - repeated
2025-06-24T11:44:06 : Anomaly detected!! (0) - repeated
2025-06-24T11:44:07 : Anomaly detected!! (0) - repeated
2025-06-24T11:44:08 : Anomaly detected!! (0) - repeated
2025-06-24T11:44:08 : Anomaly detected!! (0) - repeated
2025-06-24T11:44:09 : Anomaly detected!! (0) - repeated
2025-06-24T11:44:10 : Anomaly detected!! (0) - repeated
2025-06-24T11:44:10 : Anomaly detected!! (0) - repeated
2025-06-24T11:44:11 : Anomaly detected!! (0) - repeated
2025-06-24T11:44:11 : Anomaly detected!! (0) - repeated
2025-06-24T11:44:12 : Anomaly detected!! (0) - repeated
2025-06-24T11:44:13 : Anomaly detected!! (0) - repeated
2025-06-24T11:44:13 : Anomaly detected!! (0) - repeated
2025-06-24T11:44:14 : Anomaly detected!! (0) - repeated
2025-06-24T11:44:15 : Anomaly detected!! (0) - repeated
2025-06-24T11:44:15 : Anomaly detected!! (0) - repeated
2025-06-24T11:44:16 : Anomaly detected!! (0) - repeated
2025-06-24T11:44:16 : Anomaly detected!! (0) - repeated
2025-06-24T11:44:17 : Anomaly detected!! (0) - repeated
2025-06-24T11:44:18 : Anomaly detected!! (0) - repeated
2025-06-24T11:44:18 : Anomaly detected!! (0) - repeated
2025-06-24T11:44:19 : Anomaly detected!! (0) - repeated
2025-06-24T11:44:20 : Anomaly detected!! (0) - repeated
2025-06-24T11:44:20 : Anomaly detected!! (0) - repeated
2025-06-24T11:44:21 : Anomaly detected!! (0) - repeated
2025-06-24T11:44:21 : Anomaly detected!! (0) - repeated
2025-06-24T11:44:22 : Anomaly detected!! (0) - repeated
2025-06-24T11:44:23 : Anomaly detected!! (0) - repeated
2025-06-24T11:44:24 : Anomaly detected!! (0) - repeated
2025-06-24T11:44:24 : Anomaly detected!! (0) - repeated
2025-06-24T11:44:25 : Anomaly detected!! (0) - repeated
2025-06-24T11:44:26 : Anomaly detected!! (0) - repeated
2025-06-24T11:44:26 : Anomaly detected!! (0) - repeated
2025-06-24T11:44:27 : Anomaly detected!! (0) - repeated
2025-06-24T11:44:27 : Anomaly detected!! (0) - repeated
2025-06-24T11:44:28 : Anomaly detected!! (0) - repeated
2025-06-24T11:44:29 : Anomaly detected!! (0) - repeated
2025-06-24T11:44:29 : Anomaly detected!! (0) - repeated
2025-06-24T11:44:30 : Anomaly detected!! (0) - repeated
2025-06-24T11:44:31 : Anomaly detected!! (0) - repeated
2025-06-24T11:44:31 : Anomaly detected!! (0) - repeated
2025-06-24T11:44:32 : Anomaly detected!! (0) - repeated
2025-06-24T11:44:32 : Anomaly detected!! (0) - repeated
2025-06-24T11:44:33 : Anomaly detected!! (0) - repeated
2025-06-24T11:44:34 : Anomaly detected!! (0) - repeated
2025-06-24T11:44:35 : Anomaly detected!! (0) - repeated
2025-06-24T11:44:35 : Anomaly detected!! (0) - repeated
2025-06-24T11:44:36 : Anomaly detected!! (0) - repeated
2025-06-24T11:44:37 : Anomaly detected!! (0) - repeated
2025-06-24T11:44:37 : Anomaly detected!! (0) - repeated
2025-06-24T11:44:38 : Anomaly detected!! (0) - repeated
2025-06-24T11:44:39 : Anomaly detected!! (0) - repeated
2025-06-24T11:44:39 : Anomaly detected!! (0) - repeated
2025-06-24T11:44:40 : Anomaly detected!! (0) - repeated
2025-06-24T11:44:41 : Anomaly detected!! (0) - repeated
2025-06-24T11:44:41 : Anomaly detected!! (0) - repeated
2025-06-24T11:44:42 : Anomaly detected!! (0) - repeated
2025-06-24T11:44:43 : Anomaly detected!! (0) - repeated
2025-06-24T11:44:43 : Anomaly detected!! (0) - repeated
2025-06-24T11:44:44 : Anomaly detected!! (0) - repeated
2025-06-24T11:44:44 : Anomaly detected!! (0) - repeated
2025-06-24T11:44:45 : Anomaly detected!! (0) - repeated
2025-06-24T11:44:46 : Anomaly detected!! (0) - repeated
2025-06-24T11:44:46 : Anomaly detected!! (0) - repeated
2025-06-24T11:44:47 : Anomaly detected!! (0) - repeated
2025-06-24T11:44:48 : Anomaly detected!! (0) - repeated
2025-06-24T11:44:48 : Anomaly detected!! (0) - repeated
2025-06-24T11:44:49 : Anomaly detected!! (0) - repeated
2025-06-24T11:44:50 : Anomaly detected!! (0) - repeated
2025-06-24T11:44:50 : Anomaly detected!! (0) - repeated
2025-06-24T11:44:51 : Anomaly detected!! (0) - repeated
2025-06-24T11:44:51 : Anomaly detected!! (0) - repeated
2025-06-24T11:44:52 : Anomaly detected!! (0) - repeated
2025-06-24T11:44:53 : Anomaly detected!! (0) - repeated
2025-06-24T11:44:53 : Anomaly detected!! (0) - repeated
2025-06-24T11:44:54 : Anomaly detected!! (0) - repeated
2025-06-24T11:44:54 : Anomaly detected!! (0) - repeated
2025-06-24T11:44:55 : Anomaly detected!! (0) - repeated
2025-06-24T11:44:56 : Anomaly detected!! (0) - repeated
2025-06-24T11:44:56 : Anomaly detected!! (0) - repeated
2025-06-24T11:44:57 : Anomaly detected!! (0) - repeated
2025-06-24T11:44:58 : Anomaly detected!! (0) - repeated
2025-06-24T11:44:58 : Anomaly detected!! (0) - repeated
2025-06-24T11:44:59 : Anomaly detected!! (0) - repeated
2025-06-24T11:45:00 : Anomaly detected!! (0) - repeated
2025-06-24T11:45:00 : Anomaly detected!! (0) - repeated
2025-06-24T11:45:01 : Anomaly detected!! (0) - repeated
2025-06-24T11:45:01 : Anomaly detected!! (0) - repeated
2025-06-24T11:45:02 : Anomaly detected!! (0) - repeated
2025-06-24T11:45:03 : Anomaly detected!! (0) - repeated
2025-06-24T11:45:03 : Anomaly detected!! (0) - repeated
2025-06-24T11:45:04 : Anomaly detected!! (0) - repeated
2025-06-24T11:45:04 : Anomaly detected!! (0) - repeated
2025-06-24T11:45:05 : Anomaly detected!! (0) - repeated
2025-06-24T11:45:06 : Anomaly detected!! (0) - repeated
2025-06-24T11:45:06 : Anomaly detected!! (0) - repeated
2025-06-24T11:45:07 : Anomaly detected!! (0) - repeated
2025-06-24T11:45:08 : Anomaly detected!! (0) - repeated
2025-06-24T11:45:09 : Anomaly detected!! (0) - repeated
2025-06-24T11:45:09 : Anomaly detected!! (0) - repeated
2025-06-24T11:45:10 : Anomaly detected!! (0) - repeated
2025-06-24T11:45:11 : Anomaly detected!! (0) - repeated
2025-06-24T11:45:12 : Anomaly detected!! (0) - repeated
2025-06-24T11:45:12 : Anomaly detected!! (0) - repeated
2025-06-24T11:45:13 : Anomaly detected!! (0) - repeated
2025-06-24T11:45:14 : Anomaly detected!! (0) - repeated
2025-06-24T11:45:14 : Anomaly detected!! (0) - repeated
2025-06-24T11:45:15 : Anomaly detected!! (0) - repeated
2025-06-24T11:45:16 : Anomaly detected!! (0) - repeated
2025-06-24T11:45:16 : Anomaly detected!! (0) - repeated
2025-06-24T11:45:17 : Anomaly detected!! (0) - repeated
2025-06-24T11:45:18 : Anomaly detected!! (0) - repeated
2025-06-24T11:45:18 : Anomaly detected!! (0) - repeated
2025-06-24T11:45:19 : Anomaly detected!! (0) - repeated
2025-06-24T11:45:19 : Anomaly detected!! (0) - repeated
2025-06-24T11:45:20 : Anomaly detected!! (0) - repeated
2025-06-24T11:45:21 : Anomaly detected!! (0) - repeated
2025-06-24T11:45:21 : Average MSE: 0.131807, Average inference time: 0.228635 ms (0) - repeated
2025-06-24T11:46:47 : Anomaly detected!! (0) - repeated
2025-06-24T11:46:48 : Anomaly detected!! (0) - repeated
2025-06-24T11:46:48 : Anomaly detected!! (0) - repeated
2025-06-24T11:46:49 : Anomaly detected!! (0) - repeated
2025-06-24T11:46:50 : Anomaly detected!! (0) - repeated
2025-06-24T11:46:50 : Anomaly detected!! (0) - repeated
2025-06-24T11:46:51 : Anomaly detected!! (0) - repeated
2025-06-24T11:46:52 : Anomaly detected!! (0) - repeated
2025-06-24T11:46:52 : Anomaly detected!! (0) - repeated
2025-06-24T11:46:53 : Anomaly detected!! (0) - repeated
2025-06-24T11:46:53 : Anomaly detected!! (0) - repeated
2025-06-24T11:46:54 : Anomaly detected!! (0) - repeated
2025-06-24T11:46:55 : Anomaly detected!! (0) - repeated
2025-06-24T11:46:55 : Anomaly detected!! (0) - repeated
2025-06-24T11:46:56 : Anomaly detected!! (0) - repeated
2025-06-24T11:46:56 : Anomaly detected!! (0) - repeated
2025-06-24T11:46:57 : Anomaly detected!! (0) - repeated
2025-06-24T11:46:58 : Anomaly detected!! (0) - repeated
2025-06-24T11:46:58 : Anomaly detected!! (0) - repeated
2025-06-24T11:46:59 : Anomaly detected!! (0) - repeated
2025-06-24T11:47:00 : Anomaly detected!! (0) - repeated
2025-06-24T11:47:00 : Anomaly detected!! (0) - repeated
2025-06-24T11:47:01 : Anomaly detected!! (0) - repeated
2025-06-24T11:47:01 : Anomaly detected!! (0) - repeated
2025-06-24T11:47:02 : Anomaly detected!! (0) - repeated
2025-06-24T11:47:03 : Anomaly detected!! (0) - repeated
2025-06-24T11:47:03 : Anomaly detected!! (0) - repeated
2025-06-24T11:47:04 : Anomaly detected!! (0) - repeated
2025-06-24T11:47:05 : Anomaly detected!! (0) - repeated
2025-06-24T11:47:05 : Anomaly detected!! (0) - repeated
2025-06-24T11:47:06 : Anomaly detected!! (0) - repeated
2025-06-24T11:47:06 : Anomaly detected!! (0) - repeated
2025-06-24T11:47:07 : Anomaly detected!! (0) - repeated
2025-06-24T11:47:08 : Anomaly detected!! (0) - repeated
2025-06-24T11:47:08 : Anomaly detected!! (0) - repeated
2025-06-24T11:47:09 : Anomaly detected!! (0) - repeated
2025-06-24T11:47:09 : Anomaly detected!! (0) - repeated
2025-06-24T11:47:10 : Anomaly detected!! (0) - repeated
2025-06-24T11:47:11 : Anomaly detected!! (0) - repeated
2025-06-24T11:47:11 : Anomaly detected!! (0) - repeated
2025-06-24T11:47:12 : Anomaly detected!! (0) - repeated
2025-06-24T11:47:13 : Anomaly detected!! (0) - repeated
2025-06-24T11:47:13 : Anomaly detected!! (0) - repeated
2025-06-24T11:47:14 : Anomaly detected!! (0) - repeated
2025-06-24T11:47:14 : Anomaly detected!! (0) - repeated
2025-06-24T11:47:15 : Anomaly detected!! (0) - repeated
2025-06-24T11:47:16 : Anomaly detected!! (0) - repeated
2025-06-24T11:47:16 : Anomaly detected!! (0) - repeated
2025-06-24T11:47:17 : Anomaly detected!! (0) - repeated
2025-06-24T11:47:18 : Anomaly detected!! (0) - repeated
2025-06-24T11:47:18 : Anomaly detected!! (0) - repeated
2025-06-24T11:47:19 : Anomaly detected!! (0) - repeated
2025-06-24T11:47:19 : Anomaly detected!! (0) - repeated
2025-06-24T11:47:20 : Anomaly detected!! (0) - repeated
2025-06-24T11:47:21 : Anomaly detected!! (0) - repeated
2025-06-24T11:47:21 : Anomaly detected!! (0) - repeated
2025-06-24T11:47:22 : Anomaly detected!! (0) - repeated
2025-06-24T11:47:23 : Anomaly detected!! (0) - repeated
2025-06-24T11:47:23 : Anomaly detected!! (0) - repeated
2025-06-24T11:47:24 : Anomaly detected!! (0) - repeated
2025-06-24T11:47:25 : Anomaly detected!! (0) - repeated
2025-06-24T11:47:25 : Anomaly detected!! (0) - repeated
2025-06-24T11:47:26 : Anomaly detected!! (0) - repeated
2025-06-24T11:47:26 : Anomaly detected!! (0) - repeated
2025-06-24T11:47:27 : Anomaly detected!! (0) - repeated
2025-06-24T11:47:28 : Anomaly detected!! (0) - repeated
2025-06-24T11:47:28 : Anomaly detected!! (0) - repeated
2025-06-24T11:47:29 : Anomaly detected!! (0) - repeated
2025-06-24T11:47:29 : Anomaly detected!! (0) - repeated
2025-06-24T11:47:30 : Anomaly detected!! (0) - repeated
2025-06-24T11:47:31 : Anomaly detected!! (0) - repeated
2025-06-24T11:47:31 : Anomaly detected!! (0) - repeated
2025-06-24T11:47:32 : Anomaly detected!! (0) - repeated
2025-06-24T11:47:33 : Anomaly detected!! (0) - repeated
2025-06-24T11:47:33 : Anomaly detected!! (0) - repeated
2025-06-24T11:47:34 : Anomaly detected!! (0) - repeated
2025-06-24T11:47:34 : Anomaly detected!! (0) - repeated
2025-06-24T11:47:35 : Anomaly detected!! (0) - repeated
2025-06-24T11:47:36 : Anomaly detected!! (0) - repeated
2025-06-24T11:47:36 : Anomaly detected!! (0) - repeated
2025-06-24T11:47:37 : Anomaly detected!! (0) - repeated
2025-06-24T11:47:38 : Anomaly detected!! (0) - repeated
2025-06-24T11:47:38 : Anomaly detected!! (0) - repeated
2025-06-24T11:47:39 : Anomaly detected!! (0) - repeated
2025-06-24T11:47:39 : Anomaly detected!! (0) - repeated
2025-06-24T11:47:40 : Anomaly detected!! (0) - repeated
2025-06-24T11:47:41 : Anomaly detected!! (0) - repeated
2025-06-24T11:47:41 : Anomaly detected!! (0) - repeated
2025-06-24T11:47:42 : Anomaly detected!! (0) - repeated
2025-06-24T11:47:43 : Anomaly detected!! (0) - repeated
2025-06-24T11:47:43 : Anomaly detected!! (0) - repeated
2025-06-24T11:47:44 : Anomaly detected!! (0) - repeated
2025-06-24T11:47:44 : Anomaly detected!! (0) - repeated
2025-06-24T11:47:45 : Anomaly detected!! (0) - repeated
2025-06-24T11:47:46 : Anomaly detected!! (0) - repeated
2025-06-24T11:47:46 : Anomaly detected!! (0) - repeated
2025-06-24T11:47:47 : Anomaly detected!! (0) - repeated
2025-06-24T11:47:48 : Anomaly detected!! (0) - repeated
2025-06-24T11:47:48 : Anomaly detected!! (0) - repeated
2025-06-24T11:47:49 : Anomaly detected!! (0) - repeated
2025-06-24T11:47:49 : Anomaly detected!! (0) - repeated
2025-06-24T11:47:50 : Anomaly detected!! (0) - repeated
2025-06-24T11:47:51 : Anomaly detected!! (0) - repeated
2025-06-24T11:47:51 : Anomaly detected!! (0) - repeated
2025-06-24T11:47:52 : Anomaly detected!! (0) - repeated
2025-06-24T11:47:53 : Anomaly detected!! (0) - repeated
2025-06-24T11:47:53 : Anomaly detected!! (0) - repeated
2025-06-24T11:47:54 : Anomaly detected!! (0) - repeated
2025-06-24T11:47:54 : Anomaly detected!! (0) - repeated
2025-06-24T11:47:55 : Anomaly detected!! (0) - repeated
2025-06-24T11:47:56 : Anomaly detected!! (0) - repeated
2025-06-24T11:47:56 : Anomaly detected!! (0) - repeated
2025-06-24T11:47:57 : Anomaly detected!! (0) - repeated
2025-06-24T11:47:58 : Anomaly detected!! (0) - repeated
2025-06-24T11:47:58 : Anomaly detected!! (0) - repeated
2025-06-24T11:47:59 : Anomaly detected!! (0) - repeated
2025-06-24T11:47:59 : Anomaly detected!! (0) - repeated
2025-06-24T11:48:00 : Anomaly detected!! (0) - repeated
2025-06-24T11:48:01 : Anomaly detected!! (0) - repeated
2025-06-24T11:48:01 : Anomaly detected!! (0) - repeated
2025-06-24T11:48:02 : Anomaly detected!! (0) - repeated
2025-06-24T11:48:03 : Anomaly detected!! (0) - repeated
2025-06-24T11:48:03 : Anomaly detected!! (0) - repeated
2025-06-24T11:48:04 : Anomaly detected!! (0) - repeated
2025-06-24T11:48:04 : Anomaly detected!! (0) - repeated
2025-06-24T11:48:05 : Anomaly detected!! (0) - repeated
2025-06-24T11:48:06 : Anomaly detected!! (0) - repeated
2025-06-24T11:48:06 : Anomaly detected!! (0) - repeated
2025-06-24T11:48:07 : Anomaly detected!! (0) - repeated
2025-06-24T11:48:07 : Anomaly detected!! (0) - repeated
2025-06-24T11:48:08 : Anomaly detected!! (0) - repeated
2025-06-24T11:48:09 : Anomaly detected!! (0) - repeated
2025-06-24T11:48:09 : Anomaly detected!! (0) - repeated
2025-06-24T11:48:10 : Anomaly detected!! (0) - repeated
2025-06-24T11:48:11 : Anomaly detected!! (0) - repeated
2025-06-24T11:48:11 : Anomaly detected!! (0) - repeated
2025-06-24T11:48:12 : Anomaly detected!! (0) - repeated
2025-06-24T11:48:12 : Anomaly detected!! (0) - repeated
2025-06-24T11:48:13 : Anomaly detected!! (0) - repeated
2025-06-24T11:48:14 : Anomaly detected!! (0) - repeated
2025-06-24T11:48:14 : Anomaly detected!! (0) - repeated
2025-06-24T11:48:15 : Anomaly detected!! (0) - repeated
2025-06-24T11:48:16 : Anomaly detected!! (0) - repeated
2025-06-24T11:48:16 : Anomaly detected!! (0) - repeated
2025-06-24T11:48:17 : Anomaly detected!! (0) - repeated
2025-06-24T11:48:17 : Anomaly detected!! (0) - repeated
2025-06-24T11:48:18 : Anomaly detected!! (0) - repeated
2025-06-24T11:48:19 : Anomaly detected!! (0) - 
2025-06-24T11:48:20 : Anomaly detected!! (0) - repeated
2025-06-24T11:48:20 : Anomaly detected!! (0) - 
2025-06-24T11:48:21 : Anomaly detected!! (0) - repeated
2025-06-24T11:48:21 : Anomaly detected!! (0) - repeated
2025-06-24T11:48:27 : Anomaly detected!! (0) - timeout
