2025-06-23 11:46:09,250 - WARNING - TRT engine path '' is invalid. Falling back to plain model.
2025-06-23 11:46:09,251 - WARNING - TensorRT unavailable, falling back to plain model: 
2025-06-23 11:46:21,353 - INFO - Inference time: 8.964929 ms, MSE: 0.210666
2025-06-23 11:46:21,946 - INFO - Inference time: 0.589340 ms, MSE: 0.210139
2025-06-23 11:46:22,303 - INFO - Inference time: 0.354997 ms, MSE: 0.207586
2025-06-23 11:46:22,660 - INFO - Inference time: 0.354569 ms, MSE: 0.208794
2025-06-23 11:46:23,016 - INFO - Inference time: 0.353852 ms, MSE: 0.208400
2025-06-23 11:46:23,374 - INFO - Inference time: 0.356429 ms, MSE: 0.207773
2025-06-23 11:46:23,729 - INFO - Inference time: 0.352474 ms, MSE: 0.208991
2025-06-23 11:46:24,111 - INFO - Inference time: 0.379332 ms, MSE: 0.206626
2025-06-23 11:46:24,512 - INFO - Inference time: 0.395278 ms, MSE: 0.205668
2025-06-23 11:46:24,864 - INFO - Inference time: 0.347376 ms, MSE: 0.207101
2025-06-23 11:46:25,220 - INFO - Inference time: 0.350453 ms, MSE: 0.210137
2025-06-23 11:46:25,581 - INFO - Inference time: 0.355697 ms, MSE: 0.211157
2025-06-23 11:46:25,941 - INFO - Inference time: 0.355756 ms, MSE: 0.212093
2025-06-23 11:46:26,308 - INFO - Inference time: 0.361383 ms, MSE: 0.223781
2025-06-23 11:46:26,675 - INFO - Inference time: 0.356213 ms, MSE: 0.216279
2025-06-23 11:46:27,028 - INFO - Inference time: 0.347791 ms, MSE: 0.214695
2025-06-23 11:46:27,378 - INFO - Inference time: 0.345982 ms, MSE: 0.219134
2025-06-23 11:46:27,741 - INFO - Inference time: 0.356997 ms, MSE: 0.216017
2025-06-23 11:46:28,104 - INFO - Inference time: 0.357753 ms, MSE: 0.214355
2025-06-23 11:46:28,461 - INFO - Inference time: 0.346467 ms, MSE: 0.208674
2025-06-23 11:46:28,812 - INFO - Inference time: 0.346530 ms, MSE: 0.208330
2025-06-23 11:46:29,177 - INFO - Inference time: 0.351758 ms, MSE: 0.208292
2025-06-23 11:46:29,543 - INFO - Inference time: 0.360666 ms, MSE: 0.207938
2025-06-23 11:46:29,895 - INFO - Inference time: 0.347080 ms, MSE: 0.208085
2025-06-23 11:46:30,255 - INFO - Inference time: 0.355270 ms, MSE: 0.206666
2025-06-23 11:46:30,619 - INFO - Inference time: 0.358835 ms, MSE: 0.207034
2025-06-23 11:46:30,979 - INFO - Inference time: 0.354601 ms, MSE: 0.207118
2025-06-23 11:46:31,327 - INFO - Inference time: 0.343354 ms, MSE: 0.207897
2025-06-23 11:46:31,677 - INFO - Inference time: 0.346072 ms, MSE: 0.206894
2025-06-23 11:46:32,044 - INFO - Inference time: 0.357773 ms, MSE: 0.208018
2025-06-23 11:46:32,398 - INFO - Inference time: 0.351158 ms, MSE: 0.209913
2025-06-23 11:46:32,768 - INFO - Inference time: 0.365843 ms, MSE: 0.210095
2025-06-23 11:46:33,119 - INFO - Inference time: 0.348513 ms, MSE: 0.217200
2025-06-23 11:46:33,479 - INFO - Inference time: 0.349225 ms, MSE: 0.214181
2025-06-23 11:46:33,835 - INFO - Inference time: 0.349861 ms, MSE: 0.226120
2025-06-23 11:46:34,193 - INFO - Inference time: 0.351622 ms, MSE: 0.210812
2025-06-23 11:46:34,552 - INFO - Inference time: 0.348068 ms, MSE: 0.211103
2025-06-23 11:46:34,903 - INFO - Inference time: 0.346065 ms, MSE: 0.205879
2025-06-23 11:46:35,270 - INFO - Inference time: 0.356448 ms, MSE: 0.208224
2025-06-23 11:46:35,635 - INFO - Inference time: 0.360308 ms, MSE: 0.206794
2025-06-23 11:46:35,998 - INFO - Inference time: 0.361282 ms, MSE: 0.206244
2025-06-23 11:46:36,358 - INFO - Inference time: 0.349603 ms, MSE: 0.209575
2025-06-23 11:46:36,717 - INFO - Inference time: 0.354362 ms, MSE: 0.209121
2025-06-23 11:46:37,076 - INFO - Inference time: 0.348760 ms, MSE: 0.205941
2025-06-23 11:46:37,434 - INFO - Inference time: 0.352511 ms, MSE: 0.206564
2025-06-23 11:46:37,795 - INFO - Inference time: 0.356662 ms, MSE: 0.205651
2025-06-23 11:46:38,156 - INFO - Inference time: 0.350620 ms, MSE: 0.207339
2025-06-23 11:46:38,521 - INFO - Inference time: 0.359957 ms, MSE: 0.206512
2025-06-23 11:46:38,899 - INFO - Inference time: 0.369032 ms, MSE: 0.204347
2025-06-23 11:46:39,267 - INFO - Inference time: 0.362490 ms, MSE: 0.206862
2025-06-23 11:46:39,628 - INFO - Inference time: 0.350775 ms, MSE: 0.206641
2025-06-23 11:46:39,988 - INFO - Inference time: 0.349232 ms, MSE: 0.205434
2025-06-23 11:46:40,340 - INFO - Inference time: 0.347052 ms, MSE: 0.205747
2025-06-23 11:46:40,700 - INFO - Inference time: 0.354447 ms, MSE: 0.206913
2025-06-23 11:46:41,056 - INFO - Inference time: 0.351289 ms, MSE: 0.208147
2025-06-23 11:46:41,415 - INFO - Inference time: 0.349581 ms, MSE: 0.207855
2025-06-23 11:46:41,778 - INFO - Inference time: 0.352628 ms, MSE: 0.212274
2025-06-23 11:46:42,136 - INFO - Inference time: 0.352598 ms, MSE: 0.215966
2025-06-23 11:46:42,511 - INFO - Inference time: 0.364988 ms, MSE: 0.211689
2025-06-23 11:46:42,865 - INFO - Inference time: 0.348477 ms, MSE: 0.212052
2025-06-23 11:46:42,865 - INFO - Average MSE: 0.209759, Average inference time: 0.501974 ms
2025-06-23 11:46:42,865 - INFO - Folder Mode: 30489.578154 ms
